#
# A fatal error has been detected by the Java Runtime Environment:
#
#  SIGSEGV (0xb) at pc=0x000000010f432d20, pid=13299, tid=13831
#
# JRE version: Java(TM) SE Runtime Environment (8.0_40-b27) (build 1.8.0_40-b27)
# Java VM: Java HotSpot(TM) 64-Bit Server VM (25.40-b25 mixed mode bsd-amd64 compressed oops)
# Problematic frame:
# V  [libjvm.dylib+0x432d20]
#
# Failed to write core dump. Core dumps have been disabled. To enable core dumping, try "ulimit -c unlimited" before starting Java again
#
# If you would like to submit a bug report, please visit:
#   http://bugreport.java.com/bugreport/crash.jsp
#

---------------  T H R E A D  ---------------

Current thread (0x00007f8749043000):  JavaThread "JDWP Transport Listener: dt_socket" daemon [_thread_in_vm, id=13831, stack(0x000070000e094000,0x000070000e194000)]

siginfo: si_signo: 11 (SIGSEGV), si_code: 0 (unknown), si_addr: 0x0000000000000000

Registers:
RAX=0x0000000000000001, RBX=0x000070000e193a8b, RCX=0x000000010f7fa190, RDX=0x000070000e193a8b
RSP=0x000070000e1939d0, RBP=0x000070000e1939e0, RSI=0x00007f8749043000, RDI=0x0100000000000002
R8 =0x0000000000000000, R9 =0x00007f8748422f20, R10=0x000007f874842324, R11=0x0000000000000001
R12=0x00007f8749043000, R13=0x0100000000000002, R14=0x0100000000000002, R15=0x00007f8748609510
RIP=0x000000010f432d20, EFLAGS=0x0000000000010202, ERR=0x0000000000000000
  TRAPNO=0x000000000000000d

Top of Stack: (sp=0x000070000e1939d0)
0x000070000e1939d0:   000070000e193a8b 000070000e193a8b
0x000070000e1939e0:   000070000e193a40 000000010f34311a
0x000070000e1939f0:   00007f8749043000 0000000000000000
0x000070000e193a00:   0000000000000000 0000000000000000
0x000070000e193a10:   00007f8749043000 00007f8749043000
0x000070000e193a20:   000070000e193a8b 000070000e193a90
0x000070000e193a30:   0100000000000002 0000000000000002
0x000070000e193a40:   000070000e193a60 000000010e7bf780
0x000070000e193a50:   0000000000000001 000070000e193b08
0x000070000e193a60:   000070000e193ad0 000000010e7a41f3
0x000070000e193a70:   000070000e193aa0 00007f8748422e40
0x000070000e193a80:   0000000300000032 0000000900193b08
0x000070000e193a90:   0000000000000000 0000000000000000
0x000070000e193aa0:   0000000000000000 000070000e193c90
0x000070000e193ab0:   000000010e7c6e7a 00007f8748625060
0x000070000e193ac0:   000070000e193b08 000000010e7d2598
0x000070000e193ad0:   000070000e193ae0 000000010e7a42ec
0x000070000e193ae0:   000070000e193d00 000000010e7ad898
0x000070000e193af0:   00000aee00000013 00000000000f0200
0x000070000e193b00:   00007f87486250b0 000070000e193bda
0x000070000e193b10:   00007f87000000aa 000070000e193b20
0x000070000e193b20:   00007f8700000082 000070000e193b58
0x000070000e193b30:   0000000000000000 0000000000000000
0x000070000e193b40:   00000aee0000000f 0000000000000080
0x000070000e193b50:   000070000e193b58 877f000003000000
0x000070000e193b60:   0d00000020197048 6d246164626d616c
0x000070000e193b70:   00000030246e6961 702f6d6f634c2827
0x000070000e193b80:   6e6f7465636e6972 69666e6f696e752f
0x000070000e193b90:   6b636975512f646e 5629493b646e6946
0x000070000e193ba0:   0a1000f000000000 f8187048877f0000
0x000070000e193bb0:   6e69616d04000000 6a4c5b2816000000
0x000070000e193bc0:   676e616c2f617661 3b676e697274532f 

Instructions: (pc=0x000000010f432d20)
0x000000010f432d00:   40 48 48 85 c0 75 e0 30 c0 0f b6 c0 5d c3 31 c0
0x000000010f432d10:   5d c3 55 48 89 e5 53 48 83 ec 08 48 85 ff 74 24
0x000000010f432d20:   48 8b 1f 48 85 db 74 1c 48 83 fb 37 74 16 48 8b
0x000000010f432d30:   03 48 89 df ff 50 10 84 c0 b8 00 00 00 00 48 0f 

Register to memory mapping:

RAX=0x0000000000000001 is an unknown value
RBX=0x000070000e193a8b is pointing into the stack for thread: 0x00007f8749043000
RCX=0x000000010f7fa190: UseMembar+0 in /Library/Java/JavaVirtualMachines/jdk1.8.0_40.jdk/Contents/Home/jre/lib/server/libjvm.dylib at 0x000000010f000000
RDX=0x000070000e193a8b is pointing into the stack for thread: 0x00007f8749043000
RSP=0x000070000e1939d0 is pointing into the stack for thread: 0x00007f8749043000
RBP=0x000070000e1939e0 is pointing into the stack for thread: 0x00007f8749043000
RSI=0x00007f8749043000 is a thread
RDI=0x0100000000000002 is an unknown value
R8 =0x0000000000000000 is an unknown value
R9 =0x00007f8748422f20 is an unknown value
R10=0x000007f874842324 is an unknown value
R11=0x0000000000000001 is an unknown value
R12=0x00007f8749043000 is a thread
R13=0x0100000000000002 is an unknown value
R14=0x0100000000000002 is an unknown value
R15=0x00007f8748609510 is an unknown value


Stack: [0x000070000e094000,0x000070000e194000],  sp=0x000070000e1939d0,  free space=1022k
Native frames: (J=compiled Java code, j=interpreted, Vv=VM code, C=native code)
V  [libjvm.dylib+0x432d20]
V  [libjvm.dylib+0x34311a]
C  [libjdwp.dylib+0x20780]  isMethodSynthetic+0x63
C  [libjdwp.dylib+0x51f3]  methods1+0x10b
C  [libjdwp.dylib+0x52ec]  methodsWithGeneric+0xe
C  [libjdwp.dylib+0xe898]  debugLoop_run+0x1ce
C  [libjdwp.dylib+0x1f6ba]  attachThread+0x4d
V  [libjvm.dylib+0x384060]
V  [libjvm.dylib+0x549acf]
V  [libjvm.dylib+0x54b1c0]
V  [libjvm.dylib+0x46ea8e]
C  [libsystem_pthread.dylib+0x36c1]  _pthread_body+0x154
C  [libsystem_pthread.dylib+0x356d]  _pthread_body+0x0
C  [libsystem_pthread.dylib+0x2c5d]  thread_start+0xd
C  0x0000000000000000


---------------  P R O C E S S  ---------------

Java Threads: ( => current thread )
  0x00007f87488a6800 JavaThread "Service Thread" daemon [_thread_blocked, id=15875, stack(0x000070000e6a6000,0x000070000e7a6000)]
  0x00007f8749852000 JavaThread "C1 CompilerThread2" daemon [_thread_blocked, id=17923, stack(0x000070000e5a3000,0x000070000e6a3000)]
  0x00007f8749012800 JavaThread "C2 CompilerThread1" daemon [_thread_blocked, id=15107, stack(0x000070000e4a0000,0x000070000e5a0000)]
  0x00007f8748816800 JavaThread "C2 CompilerThread0" daemon [_thread_blocked, id=14851, stack(0x000070000e39d000,0x000070000e49d000)]
  0x00007f8749002800 JavaThread "JDWP Command Reader" daemon [_thread_in_native, id=18435, stack(0x000070000e29a000,0x000070000e39a000)]
  0x00007f8749811000 JavaThread "JDWP Event Helper Thread" daemon [_thread_blocked, id=14083, stack(0x000070000e197000,0x000070000e297000)]
=>0x00007f8749043000 JavaThread "JDWP Transport Listener: dt_socket" daemon [_thread_in_vm, id=13831, stack(0x000070000e094000,0x000070000e194000)]
  0x00007f874903b800 JavaThread "Signal Dispatcher" daemon [_thread_blocked, id=19207, stack(0x000070000df91000,0x000070000e091000)]
  0x00007f874a00a000 JavaThread "Finalizer" daemon [_thread_blocked, id=12291, stack(0x000070000de8e000,0x000070000df8e000)]
  0x00007f874a009000 JavaThread "Reference Handler" daemon [_thread_blocked, id=12035, stack(0x000070000dd8b000,0x000070000de8b000)]
  0x00007f8748807000 JavaThread "main" [_thread_blocked, id=5891, stack(0x000070000d779000,0x000070000d879000)]

Other Threads:
  0x00007f874a008800 VMThread [stack: 0x000070000dc88000,0x000070000dd88000] [id=11779]
  0x00007f874a010000 WatcherThread [stack: 0x000070000e7a9000,0x000070000e8a9000] [id=16131]

VM state:not at safepoint (normal execution)

VM Mutex/Monitor currently owned by a thread: None

Heap:
 PSYoungGen      total 38400K, used 6002K [0x0000000795580000, 0x0000000798000000, 0x00000007c0000000)
  eden space 33280K, 18% used [0x0000000795580000,0x0000000795b5c930,0x0000000797600000)
  from space 5120K, 0% used [0x0000000797b00000,0x0000000797b00000,0x0000000798000000)
  to   space 5120K, 0% used [0x0000000797600000,0x0000000797600000,0x0000000797b00000)
 ParOldGen       total 87552K, used 0K [0x0000000740000000, 0x0000000745580000, 0x0000000795580000)
  object space 87552K, 0% used [0x0000000740000000,0x0000000740000000,0x0000000745580000)
 Metaspace       used 3949K, capacity 4788K, committed 4992K, reserved 1056768K
  class space    used 455K, capacity 534K, committed 640K, reserved 1048576K

Card table byte_map: [0x00000001103c6000,0x00000001107c7000] byte_map_base: 0x000000010c9c6000

Marking Bits: (ParMarkBitMap*) 0x000000010f8c27a0
 Begin Bits: [0x0000000110a72000, 0x0000000112a72000)
 End Bits:   [0x0000000112a72000, 0x0000000114a72000)

Polling page: 0x000000010e79e000

CodeCache: size=245760Kb used=1128Kb max_used=1128Kb free=244631Kb
 bounds [0x000000011bbda000, 0x000000011be4a000, 0x000000012abda000]
 total_blobs=322 nmethods=66 adapters=178
 compilation: enabled

Compilation events (10 events):
Event: 1.040 Thread 0x00007f8749852000 nmethod 18 0x000000011bce9b10 code [0x000000011bce9c80, 0x000000011bce9e10]
Event: 1.040 Thread 0x00007f8749852000   19       3       java.lang.String::startsWith (72 bytes)
Event: 1.041 Thread 0x00007f8749852000 nmethod 19 0x000000011bceafd0 code [0x000000011bceb140, 0x000000011bceb490]
Event: 1.041 Thread 0x00007f8749852000   20       3       java.util.Arrays::copyOfRange (63 bytes)
Event: 1.041 Thread 0x00007f8749012800 nmethod 16 0x000000011bcee490 code [0x000000011bcee5e0, 0x000000011bcee7b8]
Event: 1.041 Thread 0x00007f8749852000 nmethod 20 0x000000011bced150 code [0x000000011bced380, 0x000000011bceded8]
Event: 1.041 Thread 0x00007f8749852000   17       1       java.net.URL::getQuery (5 bytes)
Event: 1.042 Thread 0x00007f8749852000 nmethod 17 0x000000011bcece90 code [0x000000011bcecfe0, 0x000000011bced0f0]
Event: 122.996 Thread 0x00007f8749852000   66       3       java.util.HashMap::get (23 bytes)
Event: 122.997 Thread 0x00007f8749852000 nmethod 66 0x000000011bcf3990 code [0x000000011bcf3b20, 0x000000011bcf3f38]

GC Heap History (0 events):
No events

Deoptimization events (0 events):
No events

Internal exceptions (4 events):
Event: 0.080 Thread 0x00007f8748807000 Exception <a 'java/lang/NoSuchMethodError': Method sun.misc.Unsafe.defineClass(Ljava/lang/String;[BII)Ljava/lang/Class; name or signature does not match> (0x0000000795592db0) thrown at [/Users/java_re/workspace/8-2-build-macosx-x86_64/jdk8u40/3153/hotspot
Event: 0.080 Thread 0x00007f8748807000 Exception <a 'java/lang/NoSuchMethodError': Method sun.misc.Unsafe.prefetchRead(Ljava/lang/Object;J)V name or signature does not match> (0x0000000795593040) thrown at [/Users/java_re/workspace/8-2-build-macosx-x86_64/jdk8u40/3153/hotspot/src/share/vm/prim
Event: 16.854 Thread 0x00007f8748807000 Exception <a 'java/lang/NoSuchFieldError': method resolution failed> (0x0000000795aa5708) thrown at [/Users/java_re/workspace/8-2-build-macosx-x86_64/jdk8u40/3153/hotspot/src/share/vm/prims/methodHandles.cpp, line 1125]
Event: 16.895 Thread 0x00007f8748807000 Exception <a 'java/lang/NoSuchFieldError': method resolution failed> (0x0000000795ab4900) thrown at [/Users/java_re/workspace/8-2-build-macosx-x86_64/jdk8u40/3153/hotspot/src/share/vm/prims/methodHandles.cpp, line 1125]

Events (10 events):
Event: 623.988 Executing VM operation: ChangeBreakpoints
Event: 623.988 Executing VM operation: ChangeBreakpoints done
Event: 1142.423 Executing VM operation: GetOrSetLocal
Event: 1142.424 Executing VM operation: GetOrSetLocal done
Event: 1142.446 Executing VM operation: GetOrSetLocal
Event: 1142.446 Executing VM operation: GetOrSetLocal done
Event: 1150.259 Executing VM operation: RedefineClasses
Event: 1150.263 Executing VM operation: RedefineClasses done
Event: 1150.266 Executing VM operation: GetOrSetLocal
Event: 1150.266 Executing VM operation: GetOrSetLocal done


Dynamic libraries:
0x000000001a4bb000 	/System/Library/Frameworks/Cocoa.framework/Versions/A/Cocoa
0x000000001a4bb000 	/System/Library/Frameworks/Security.framework/Versions/A/Security
0x000000001a4bb000 	/System/Library/Frameworks/ApplicationServices.framework/Versions/A/ApplicationServices
0x000000001a4bb000 	/usr/lib/libz.1.dylib
0x000000001a4bb000 	/usr/lib/libSystem.B.dylib
0x000000001a4bb000 	/usr/lib/libobjc.A.dylib
0x000000001a4bb000 	/System/Library/Frameworks/CoreFoundation.framework/Versions/A/CoreFoundation
0x000000001a4bb000 	/System/Library/Frameworks/Foundation.framework/Versions/C/Foundation
0x000000001a4bb000 	/System/Library/Frameworks/AppKit.framework/Versions/C/AppKit
0x000000001a4bb000 	/System/Library/Frameworks/CoreData.framework/Versions/A/CoreData
0x000000001a4bb000 	/System/Library/PrivateFrameworks/RemoteViewServices.framework/Versions/A/RemoteViewServices
0x000000001a4bb000 	/System/Library/PrivateFrameworks/UIFoundation.framework/Versions/A/UIFoundation
0x000000001a4bb000 	/System/Library/PrivateFrameworks/DFRFoundation.framework/Versions/A/DFRFoundation
0x000000001a4bb000 	/System/Library/Frameworks/Metal.framework/Versions/A/Metal
0x000000001a4bb000 	/System/Library/PrivateFrameworks/DesktopServicesPriv.framework/Versions/A/DesktopServicesPriv
0x000000001a4bb000 	/usr/lib/libenergytrace.dylib
0x000000001a4bb000 	/System/Library/PrivateFrameworks/SkyLight.framework/Versions/A/SkyLight
0x000000001a4bb000 	/System/Library/Frameworks/CoreGraphics.framework/Versions/A/CoreGraphics
0x000000001a4bb000 	/usr/lib/libScreenReader.dylib
0x000000001a4bb000 	/System/Library/Frameworks/Accelerate.framework/Versions/A/Accelerate
0x000000001a4bb000 	/System/Library/Frameworks/IOSurface.framework/Versions/A/IOSurface
0x000000001a4bb000 	/System/Library/Frameworks/AudioToolbox.framework/Versions/A/AudioToolbox
0x000000001a4bb000 	/System/Library/Frameworks/AudioUnit.framework/Versions/A/AudioUnit
0x000000001a4bb000 	/System/Library/PrivateFrameworks/DataDetectorsCore.framework/Versions/A/DataDetectorsCore
0x000000001a4bb000 	/System/Library/Frameworks/Carbon.framework/Versions/A/Frameworks/HIToolbox.framework/Versions/A/HIToolbox
0x000000001a4bb000 	/usr/lib/libicucore.A.dylib
0x000000001a4bb000 	/System/Library/Frameworks/QuartzCore.framework/Versions/A/QuartzCore
0x000000001a4bb000 	/System/Library/Frameworks/Carbon.framework/Versions/A/Frameworks/SpeechRecognition.framework/Versions/A/SpeechRecognition
0x000000001a4bb000 	/usr/lib/libauto.dylib
0x000000001a4bb000 	/usr/lib/libxml2.2.dylib
0x000000001a4bb000 	/System/Library/PrivateFrameworks/CoreUI.framework/Versions/A/CoreUI
0x000000001a4bb000 	/System/Library/Frameworks/CoreAudio.framework/Versions/A/CoreAudio
0x000000001a4bb000 	/System/Library/Frameworks/DiskArbitration.framework/Versions/A/DiskArbitration
0x000000001a4bb000 	/usr/lib/liblangid.dylib
0x000000001a4bb000 	/System/Library/PrivateFrameworks/MultitouchSupport.framework/Versions/A/MultitouchSupport
0x000000001a4bb000 	/System/Library/Frameworks/IOKit.framework/Versions/A/IOKit
0x000000001a4bb000 	/usr/lib/libDiagnosticMessagesClient.dylib
0x000000001a4bb000 	/System/Library/Frameworks/CoreServices.framework/Versions/A/CoreServices
0x000000001a4bb000 	/System/Library/PrivateFrameworks/PerformanceAnalysis.framework/Versions/A/PerformanceAnalysis
0x000000001a4bb000 	/System/Library/Frameworks/OpenGL.framework/Versions/A/OpenGL
0x000000001a4bb000 	/System/Library/Frameworks/ColorSync.framework/Versions/A/ColorSync
0x000000001a4bb000 	/System/Library/Frameworks/CoreImage.framework/Versions/A/CoreImage
0x000000001a4bb000 	/System/Library/Frameworks/CoreText.framework/Versions/A/CoreText
0x000000001a4bb000 	/System/Library/Frameworks/ImageIO.framework/Versions/A/ImageIO
0x000000001a4bb000 	/System/Library/PrivateFrameworks/Backup.framework/Versions/A/Backup
0x000000001a4bb000 	/usr/lib/libarchive.2.dylib
0x000000001a4bb000 	/System/Library/Frameworks/CFNetwork.framework/Versions/A/CFNetwork
0x000000001a4bb000 	/System/Library/Frameworks/SystemConfiguration.framework/Versions/A/SystemConfiguration
0x000000001a4bb000 	/usr/lib/libCRFSuite.dylib
0x000000001a4bb000 	/usr/lib/libc++.1.dylib
0x000000001a4bb000 	/usr/lib/libc++abi.dylib
0x000000001a4bb000 	/usr/lib/system/libcache.dylib
0x000000001a4bb000 	/usr/lib/system/libcommonCrypto.dylib
0x000000001a4bb000 	/usr/lib/system/libcompiler_rt.dylib
0x000000001a4bb000 	/usr/lib/system/libcopyfile.dylib
0x000000001a4bb000 	/usr/lib/system/libcorecrypto.dylib
0x000000001a4bb000 	/usr/lib/system/libdispatch.dylib
0x000000001a4bb000 	/usr/lib/system/libdyld.dylib
0x000000001a4bb000 	/usr/lib/system/libkeymgr.dylib
0x000000001a4bb000 	/usr/lib/system/liblaunch.dylib
0x000000001a4bb000 	/usr/lib/system/libmacho.dylib
0x000000001a4bb000 	/usr/lib/system/libquarantine.dylib
0x000000001a4bb000 	/usr/lib/system/libremovefile.dylib
0x000000001a4bb000 	/usr/lib/system/libsystem_asl.dylib
0x000000001a4bb000 	/usr/lib/system/libsystem_blocks.dylib
0x000000001a4bb000 	/usr/lib/system/libsystem_c.dylib
0x000000001a4bb000 	/usr/lib/system/libsystem_configuration.dylib
0x000000001a4bb000 	/usr/lib/system/libsystem_coreservices.dylib
0x000000001a4bb000 	/usr/lib/system/libsystem_darwin.dylib
0x000000001a4bb000 	/usr/lib/system/libsystem_dnssd.dylib
0x000000001a4bb000 	/usr/lib/system/libsystem_info.dylib
0x000000001a4bb000 	/usr/lib/system/libsystem_m.dylib
0x000000001a4bb000 	/usr/lib/system/libsystem_malloc.dylib
0x000000001a4bb000 	/usr/lib/system/libsystem_network.dylib
0x000000001a4bb000 	/usr/lib/system/libsystem_networkextension.dylib
0x000000001a4bb000 	/usr/lib/system/libsystem_notify.dylib
0x000000001a4bb000 	/usr/lib/system/libsystem_sandbox.dylib
0x000000001a4bb000 	/usr/lib/system/libsystem_secinit.dylib
0x000000001a4bb000 	/usr/lib/system/libsystem_kernel.dylib
0x000000001a4bb000 	/usr/lib/system/libsystem_platform.dylib
0x000000001a4bb000 	/usr/lib/system/libsystem_pthread.dylib
0x000000001a4bb000 	/usr/lib/system/libsystem_symptoms.dylib
0x000000001a4bb000 	/usr/lib/system/libsystem_trace.dylib
0x000000001a4bb000 	/usr/lib/system/libunwind.dylib
0x000000001a4bb000 	/usr/lib/system/libxpc.dylib
0x000000001a4bb000 	/usr/lib/closure/libclosured.dylib
0x000000001a4bb000 	/usr/lib/libbsm.0.dylib
0x000000001a4bb000 	/usr/lib/system/libkxld.dylib
0x000000001a4bb000 	/usr/lib/libOpenScriptingUtil.dylib
0x000000001a4bb000 	/usr/lib/libcoretls.dylib
0x000000001a4bb000 	/usr/lib/libcoretls_cfhelpers.dylib
0x000000001a4bb000 	/usr/lib/libpam.2.dylib
0x000000001a4bb000 	/usr/lib/libsqlite3.dylib
0x000000001a4bb000 	/usr/lib/libxar.1.dylib
0x000000001a4bb000 	/usr/lib/libbz2.1.0.dylib
0x000000001a4bb000 	/usr/lib/liblzma.5.dylib
0x000000001a4bb000 	/usr/lib/libnetwork.dylib
0x000000001a4bb000 	/usr/lib/libapple_nghttp2.dylib
0x000000001a4bb000 	/usr/lib/libpcap.A.dylib
0x000000001a4bb000 	/usr/lib/libboringssl.dylib
0x000000001a4bb000 	/usr/lib/libusrtcp.dylib
0x000000001a4bb000 	/usr/lib/libapple_crypto.dylib
0x000000001a4bb000 	/System/Library/Frameworks/CoreServices.framework/Versions/A/Frameworks/FSEvents.framework/Versions/A/FSEvents
0x000000001a4bb000 	/System/Library/Frameworks/CoreServices.framework/Versions/A/Frameworks/CarbonCore.framework/Versions/A/CarbonCore
0x000000001a4bb000 	/System/Library/Frameworks/CoreServices.framework/Versions/A/Frameworks/Metadata.framework/Versions/A/Metadata
0x000000001a4bb000 	/System/Library/Frameworks/CoreServices.framework/Versions/A/Frameworks/OSServices.framework/Versions/A/OSServices
0x000000001a4bb000 	/System/Library/Frameworks/CoreServices.framework/Versions/A/Frameworks/SearchKit.framework/Versions/A/SearchKit
0x000000001a4bb000 	/System/Library/Frameworks/CoreServices.framework/Versions/A/Frameworks/AE.framework/Versions/A/AE
0x000000001a4bb000 	/System/Library/Frameworks/CoreServices.framework/Versions/A/Frameworks/LaunchServices.framework/Versions/A/LaunchServices
0x000000001a4bb000 	/System/Library/Frameworks/CoreServices.framework/Versions/A/Frameworks/DictionaryServices.framework/Versions/A/DictionaryServices
0x000000001a4bb000 	/System/Library/Frameworks/CoreServices.framework/Versions/A/Frameworks/SharedFileList.framework/Versions/A/SharedFileList
0x000000001a4bb000 	/System/Library/Frameworks/NetFS.framework/Versions/A/NetFS
0x000000001a4bb000 	/System/Library/PrivateFrameworks/NetAuth.framework/Versions/A/NetAuth
0x000000001a4bb000 	/System/Library/PrivateFrameworks/login.framework/Versions/A/Frameworks/loginsupport.framework/Versions/A/loginsupport
0x000000001a4bb000 	/System/Library/PrivateFrameworks/TCC.framework/Versions/A/TCC
0x000000001a4bb000 	/usr/lib/libmecabra.dylib
0x000000001a4bb000 	/System/Library/Frameworks/ApplicationServices.framework/Versions/A/Frameworks/ATS.framework/Versions/A/ATS
0x000000001a4bb000 	/System/Library/Frameworks/ApplicationServices.framework/Versions/A/Frameworks/ColorSyncLegacy.framework/Versions/A/ColorSyncLegacy
0x000000001a4bb000 	/System/Library/Frameworks/ApplicationServices.framework/Versions/A/Frameworks/HIServices.framework/Versions/A/HIServices
0x000000001a4bb000 	/System/Library/Frameworks/ApplicationServices.framework/Versions/A/Frameworks/LangAnalysis.framework/Versions/A/LangAnalysis
0x000000001a4bb000 	/System/Library/Frameworks/ApplicationServices.framework/Versions/A/Frameworks/PrintCore.framework/Versions/A/PrintCore
0x000000001a4bb000 	/System/Library/Frameworks/ApplicationServices.framework/Versions/A/Frameworks/QD.framework/Versions/A/QD
0x000000001a4bb000 	/System/Library/Frameworks/ApplicationServices.framework/Versions/A/Frameworks/SpeechSynthesis.framework/Versions/A/SpeechSynthesis
0x000000001a4bb000 	/System/Library/Frameworks/CoreDisplay.framework/Versions/A/CoreDisplay
0x000000001a4bb000 	/System/Library/Frameworks/Accelerate.framework/Versions/A/Frameworks/vImage.framework/Versions/A/vImage
0x000000001a4bb000 	/System/Library/Frameworks/Accelerate.framework/Versions/A/Frameworks/vecLib.framework/Versions/A/vecLib
0x000000001a4bb000 	/System/Library/Frameworks/Accelerate.framework/Versions/A/Frameworks/vecLib.framework/Versions/A/libvDSP.dylib
0x000000001a4bb000 	/System/Library/Frameworks/Accelerate.framework/Versions/A/Frameworks/vecLib.framework/Versions/A/libBNNS.dylib
0x000000001a4bb000 	/System/Library/Frameworks/Accelerate.framework/Versions/A/Frameworks/vecLib.framework/Versions/A/libQuadrature.dylib
0x000000001a4bb000 	/System/Library/Frameworks/Accelerate.framework/Versions/A/Frameworks/vecLib.framework/Versions/A/libvMisc.dylib
0x000000001a4bb000 	/System/Library/Frameworks/Accelerate.framework/Versions/A/Frameworks/vecLib.framework/Versions/A/libLAPACK.dylib
0x000000001a4bb000 	/System/Library/Frameworks/Accelerate.framework/Versions/A/Frameworks/vecLib.framework/Versions/A/libBLAS.dylib
0x000000001a4bb000 	/System/Library/Frameworks/Accelerate.framework/Versions/A/Frameworks/vecLib.framework/Versions/A/libLinearAlgebra.dylib
0x000000001a4bb000 	/System/Library/Frameworks/Accelerate.framework/Versions/A/Frameworks/vecLib.framework/Versions/A/libSparse.dylib
0x000000001a4bb000 	/System/Library/Frameworks/Accelerate.framework/Versions/A/Frameworks/vecLib.framework/Versions/A/libSparseBLAS.dylib
0x000000001a4bb000 	/System/Library/PrivateFrameworks/IOAccelerator.framework/Versions/A/IOAccelerator
0x000000001a4bb000 	/System/Library/PrivateFrameworks/IOPresentment.framework/Versions/A/IOPresentment
0x000000001a4bb000 	/System/Library/PrivateFrameworks/DSExternalDisplay.framework/Versions/A/DSExternalDisplay
0x000000001a4bb000 	/System/Library/Frameworks/OpenGL.framework/Versions/A/Libraries/libCoreFSCache.dylib
0x000000001a4bb000 	/System/Library/Frameworks/CoreVideo.framework/Versions/A/CoreVideo
0x000000001a4bb000 	/System/Library/PrivateFrameworks/GraphVisualizer.framework/Versions/A/GraphVisualizer
0x000000001a4bb000 	/System/Library/Frameworks/MetalPerformanceShaders.framework/Versions/A/MetalPerformanceShaders
0x000000001a4bb000 	/usr/lib/libFosl_dynamic.dylib
0x000000001a4bb000 	/System/Library/PrivateFrameworks/FaceCore.framework/Versions/A/FaceCore
0x000000001a4bb000 	/System/Library/Frameworks/OpenCL.framework/Versions/A/OpenCL
0x000000001a4bb000 	/usr/lib/libcompression.dylib
0x000000001a4bb000 	/System/Library/Frameworks/ApplicationServices.framework/Versions/A/Frameworks/ATS.framework/Versions/A/Resources/libFontParser.dylib
0x000000001a4bb000 	/System/Library/Frameworks/ApplicationServices.framework/Versions/A/Frameworks/ATS.framework/Versions/A/Resources/libFontRegistry.dylib
0x000000001a4bb000 	/System/Library/Frameworks/ImageIO.framework/Versions/A/Resources/libJPEG.dylib
0x000000001a4bb000 	/System/Library/Frameworks/ImageIO.framework/Versions/A/Resources/libTIFF.dylib
0x000000001a4bb000 	/System/Library/Frameworks/ImageIO.framework/Versions/A/Resources/libPng.dylib
0x000000001a4bb000 	/System/Library/Frameworks/ImageIO.framework/Versions/A/Resources/libGIF.dylib
0x000000001a4bb000 	/System/Library/Frameworks/ImageIO.framework/Versions/A/Resources/libJP2.dylib
0x000000001a4bb000 	/System/Library/Frameworks/ImageIO.framework/Versions/A/Resources/libRadiance.dylib
0x000000001a4bb000 	/System/Library/PrivateFrameworks/AppleJPEG.framework/Versions/A/AppleJPEG
0x000000001a4bb000 	/System/Library/PrivateFrameworks/MetalTools.framework/Versions/A/MetalTools
0x000000001a4bb000 	/System/Library/Frameworks/MetalPerformanceShaders.framework/Frameworks/MPSCore.framework/Versions/A/MPSCore
0x000000001a4bb000 	/System/Library/Frameworks/MetalPerformanceShaders.framework/Frameworks/MPSImage.framework/Versions/A/MPSImage
0x000000001a4bb000 	/System/Library/Frameworks/MetalPerformanceShaders.framework/Frameworks/MPSMatrix.framework/Versions/A/MPSMatrix
0x000000001a4bb000 	/System/Library/Frameworks/MetalPerformanceShaders.framework/Frameworks/MPSNeuralNetwork.framework/Versions/A/MPSNeuralNetwork
0x000000001a4bb000 	/System/Library/Frameworks/OpenGL.framework/Versions/A/Libraries/libGLU.dylib
0x000000001a4bb000 	/System/Library/Frameworks/OpenGL.framework/Versions/A/Libraries/libGFXShared.dylib
0x000000001a4bb000 	/System/Library/Frameworks/OpenGL.framework/Versions/A/Libraries/libGL.dylib
0x000000001a4bb000 	/System/Library/Frameworks/OpenGL.framework/Versions/A/Libraries/libGLImage.dylib
0x000000001a4bb000 	/System/Library/Frameworks/OpenGL.framework/Versions/A/Libraries/libCVMSPluginSupport.dylib
0x000000001a4bb000 	/System/Library/Frameworks/OpenGL.framework/Versions/A/Libraries/libCoreVMClient.dylib
0x000000001a4bb000 	/usr/lib/libcups.2.dylib
0x000000001a4bb000 	/System/Library/Frameworks/Kerberos.framework/Versions/A/Kerberos
0x000000001a4bb000 	/System/Library/Frameworks/GSS.framework/Versions/A/GSS
0x000000001a4bb000 	/usr/lib/libresolv.9.dylib
0x000000001a4bb000 	/usr/lib/libiconv.2.dylib
0x000000001a4bb000 	/System/Library/PrivateFrameworks/Heimdal.framework/Versions/A/Heimdal
0x000000001a4bb000 	/usr/lib/libheimdal-asn1.dylib
0x000000001a4bb000 	/System/Library/Frameworks/OpenDirectory.framework/Versions/A/OpenDirectory
0x000000001a4bb000 	/System/Library/PrivateFrameworks/CommonAuth.framework/Versions/A/CommonAuth
0x000000001a4bb000 	/System/Library/Frameworks/OpenDirectory.framework/Versions/A/Frameworks/CFOpenDirectory.framework/Versions/A/CFOpenDirectory
0x000000001a4bb000 	/System/Library/Frameworks/SecurityFoundation.framework/Versions/A/SecurityFoundation
0x000000001a4bb000 	/System/Library/PrivateFrameworks/APFS.framework/Versions/A/APFS
0x000000001a4bb000 	/usr/lib/libutil.dylib
0x000000001a4bb000 	/System/Library/PrivateFrameworks/AppleSauce.framework/Versions/A/AppleSauce
0x000000001a4bb000 	/System/Library/PrivateFrameworks/LinguisticData.framework/Versions/A/LinguisticData
0x000000001a4bb000 	/usr/lib/libmarisa.dylib
0x000000001a4bb000 	/System/Library/PrivateFrameworks/Lexicon.framework/Versions/A/Lexicon
0x000000001a4bb000 	/usr/lib/libChineseTokenizer.dylib
0x000000001a4bb000 	/usr/lib/libcmph.dylib
0x000000001a4bb000 	/System/Library/PrivateFrameworks/LanguageModeling.framework/Versions/A/LanguageModeling
0x000000001a4bb000 	/System/Library/PrivateFrameworks/CoreEmoji.framework/Versions/A/CoreEmoji
0x000000001a4bb000 	/System/Library/Frameworks/ServiceManagement.framework/Versions/A/ServiceManagement
0x000000001a4bb000 	/System/Library/PrivateFrameworks/BackgroundTaskManagement.framework/Versions/A/BackgroundTaskManagement
0x000000001a4bb000 	/usr/lib/libxslt.1.dylib
0x000000001a4bb000 	/System/Library/Frameworks/Carbon.framework/Versions/A/Frameworks/Ink.framework/Versions/A/Ink
0x000000001a4bb000 	/System/Library/PrivateFrameworks/TextureIO.framework/Versions/A/TextureIO
0x000000001a4bb000 	/usr/lib/libate.dylib
0x000000001a4bb000 	/System/Library/PrivateFrameworks/CrashReporterSupport.framework/Versions/A/CrashReporterSupport
0x000000001a4bb000 	/System/Library/PrivateFrameworks/Sharing.framework/Versions/A/Sharing
0x000000001a4bb000 	/System/Library/PrivateFrameworks/IconServices.framework/Versions/A/IconServices
0x000000001a4bb000 	/System/Library/PrivateFrameworks/ProtocolBuffer.framework/Versions/A/ProtocolBuffer
0x000000001a4bb000 	/System/Library/PrivateFrameworks/Apple80211.framework/Versions/A/Apple80211
0x000000001a4bb000 	/System/Library/Frameworks/CoreWLAN.framework/Versions/A/CoreWLAN
0x000000001a4bb000 	/System/Library/PrivateFrameworks/CoreUtils.framework/Versions/A/CoreUtils
0x000000001a4bb000 	/System/Library/Frameworks/IOBluetooth.framework/Versions/A/IOBluetooth
0x000000001a4bb000 	/System/Library/PrivateFrameworks/CoreWiFi.framework/Versions/A/CoreWiFi
0x000000001a4bb000 	/System/Library/Frameworks/CoreBluetooth.framework/Versions/A/CoreBluetooth
0x000000001a4bb000 	/System/Library/PrivateFrameworks/SignpostNotification.framework/Versions/A/SignpostNotification
0x000000001a4bb000 	/System/Library/PrivateFrameworks/DebugSymbols.framework/Versions/A/DebugSymbols
0x000000001a4bb000 	/System/Library/PrivateFrameworks/CoreSymbolication.framework/Versions/A/CoreSymbolication
0x000000001a4bb000 	/System/Library/PrivateFrameworks/Symbolication.framework/Versions/A/Symbolication
0x000000001a4bb000 	/System/Library/PrivateFrameworks/AppleFSCompression.framework/Versions/A/AppleFSCompression
0x000000001a4bb000 	/System/Library/PrivateFrameworks/SpeechRecognitionCore.framework/Versions/A/SpeechRecognitionCore
0x000000010f000000 	/Library/Java/JavaVirtualMachines/jdk1.8.0_40.jdk/Contents/Home/jre/lib/server/libjvm.dylib
0x000000001a4bb000 	/usr/lib/libstdc++.6.0.9.dylib
0x000000010e75b000 	/Library/Java/JavaVirtualMachines/jdk1.8.0_40.jdk/Contents/Home/jre/lib/libverify.dylib
0x000000010e769000 	/Library/Java/JavaVirtualMachines/jdk1.8.0_40.jdk/Contents/Home/jre/lib/libjava.dylib
0x000000010e79f000 	/Library/Java/JavaVirtualMachines/jdk1.8.0_40.jdk/Contents/Home/jre/lib/libjdwp.dylib
0x000000010e7ea000 	/Library/Java/JavaVirtualMachines/jdk1.8.0_40.jdk/Contents/Home/jre/lib/libnpt.dylib
0x000000010ff69000 	/Library/Java/JavaVirtualMachines/jdk1.8.0_40.jdk/Contents/Home/jre/lib/libinstrument.dylib
0x000000010fffd000 	/Library/Java/JavaVirtualMachines/jdk1.8.0_40.jdk/Contents/Home/jre/lib/libzip.dylib
0x000000001a4bb000 	/System/Library/Frameworks/JavaVM.framework/Versions/A/Frameworks/JavaRuntimeSupport.framework/Versions/A/JavaRuntimeSupport
0x000000001a4bb000 	/System/Library/Frameworks/JavaVM.framework/Versions/A/Frameworks/JavaNativeFoundation.framework/Versions/A/JavaNativeFoundation
0x000000001a4bb000 	/System/Library/Frameworks/JavaVM.framework/Versions/A/JavaVM
0x000000001a4bb000 	/System/Library/Frameworks/Carbon.framework/Versions/A/Carbon
0x000000001a4bb000 	/System/Library/PrivateFrameworks/JavaLaunching.framework/Versions/A/JavaLaunching
0x000000001a4bb000 	/System/Library/Frameworks/Carbon.framework/Versions/A/Frameworks/CommonPanels.framework/Versions/A/CommonPanels
0x000000001a4bb000 	/System/Library/Frameworks/Carbon.framework/Versions/A/Frameworks/Help.framework/Versions/A/Help
0x000000001a4bb000 	/System/Library/Frameworks/Carbon.framework/Versions/A/Frameworks/ImageCapture.framework/Versions/A/ImageCapture
0x000000001a4bb000 	/System/Library/Frameworks/Carbon.framework/Versions/A/Frameworks/OpenScripting.framework/Versions/A/OpenScripting
0x000000001a4bb000 	/System/Library/Frameworks/Carbon.framework/Versions/A/Frameworks/Print.framework/Versions/A/Print
0x000000001a4bb000 	/System/Library/Frameworks/Carbon.framework/Versions/A/Frameworks/SecurityHI.framework/Versions/A/SecurityHI
0x0000000118301000 	/Library/Java/JavaVirtualMachines/jdk1.8.0_40.jdk/Contents/Home/jre/lib/libdt_socket.dylib

VM Arguments:
jvm_args: -agentlib:jdwp=transport=dt_socket,address=127.0.0.1:58457,suspend=y,server=n -javaagent:/Users/LalinPethiyagoda/Library/Caches/IntelliJIdea2017.3/captureAgent/debugger-agent.jar=/private/var/folders/18/ptkymh6x7ts8pwv_36r_rl_h0000gn/T/capture.props -Dfile.encoding=UTF-8 
java_command: com.princeton.unionfind.QuickFindRunner
java_class_path (initial): /Library/Java/JavaVirtualMachines/jdk1.8.0_40.jdk/Contents/Home/lib/ant-javafx.jar:/Library/Java/JavaVirtualMachines/jdk1.8.0_40.jdk/Contents/Home/lib/dt.jar:/Library/Java/JavaVirtualMachines/jdk1.8.0_40.jdk/Contents/Home/lib/javafx-mx.jar:/Library/Java/JavaVirtualMachines/jdk1.8.0_40.jdk/Contents/Home/lib/jconsole.jar:/Library/Java/JavaVirtualMachines/jdk1.8.0_40.jdk/Contents/Home/lib/packager.jar:/Library/Java/JavaVirtualMachines/jdk1.8.0_40.jdk/Contents/Home/lib/sa-jdi.jar:/Library/Java/JavaVirtualMachines/jdk1.8.0_40.jdk/Contents/Home/lib/tools.jar:/Library/Java/JavaVirtualMachines/jdk1.8.0_40.jdk/Contents/Home/jre/lib/charsets.jar:/Library/Java/JavaVirtualMachines/jdk1.8.0_40.jdk/Contents/Home/jre/lib/deploy.jar:/Library/Java/JavaVirtualMachines/jdk1.8.0_40.jdk/Contents/Home/jre/lib/javaws.jar:/Library/Java/JavaVirtualMachines/jdk1.8.0_40.jdk/Contents/Home/jre/lib/jce.jar:/Library/Java/JavaVirtualMachines/jdk1.8.0_40.jdk/Contents/Home/jre/lib/jfr.jar:/Library/Java/JavaVirtualMachines/jdk1.8.0_40.jdk/Contents/Home/jre/lib/jfxswt.jar:/Library/Java/JavaVirtualMachines/jdk1.8.0_40.jdk/Contents/Home/jre/lib/jsse.jar:/Library/Java/JavaVirtualMachines/jdk1.8.0_40.jdk/Contents/Home/jre/lib/management-agent.jar:/Library/Java/JavaVirtualMachines/jdk1.8.0_40.jdk/Contents/Home/jre/lib/plugin.jar:/Library/Java/JavaVirtualMachines/jdk1.8.0_40.jdk/Contents/Home/jre/lib/resources.jar:/Library/Java/JavaVirtualMachines/jdk1.8.0_40.jdk/Contents/Home/jre/lib/rt.jar:/Library/Java/JavaVirtualMachines/jdk1.8.0_40.jdk/Contents/Home/jre/lib/ext/cldrdata.jar:/Library/Java/JavaVirtualMachines/jdk1.8.0_40.jdk/Contents/Home/jre/lib/ext/dnsns.jar:/Library/Java/JavaVirtualMachines/jdk1.8.0_40.jdk/Contents/Home/jre/lib/ext/jfxrt.jar:/Library/Java/JavaVirtualMachines/jdk1.8.0_40.jdk/Contents/Home/jre/lib/ext/localedata.jar:/Library/Java/JavaVirtualMachines/jdk1.8.0_40.jdk/Contents/Home/jre/lib/ext/nashorn.jar:/Library/Java/JavaVirtualMachines/jdk1.8.0_40.jdk/Conten
Launcher Type: SUN_STANDARD

Environment Variables:
PATH=/usr/local/bin:/usr/bin:/bin:/usr/sbin:/sbin
SHELL=/bin/bash

Signal Handlers:
SIGSEGV: [libjvm.dylib+0x58ef95], sa_mask[0]=11111111011111110111111111111111, sa_flags=SA_ONSTACK|SA_RESTART|SA_SIGINFO
SIGBUS: [libjvm.dylib+0x58ef95], sa_mask[0]=11111111011111110111111111111111, sa_flags=SA_RESTART|SA_SIGINFO
SIGFPE: [libjvm.dylib+0x46c118], sa_mask[0]=11111111011111110111111111111111, sa_flags=SA_RESTART|SA_SIGINFO
SIGPIPE: [libjvm.dylib+0x46c118], sa_mask[0]=11111111011111110111111111111111, sa_flags=SA_RESTART|SA_SIGINFO
SIGXFSZ: [libjvm.dylib+0x46c118], sa_mask[0]=11111111011111110111111111111111, sa_flags=SA_RESTART|SA_SIGINFO
SIGILL: [libjvm.dylib+0x46c118], sa_mask[0]=11111111011111110111111111111111, sa_flags=SA_RESTART|SA_SIGINFO
SIGUSR1: SIG_DFL, sa_mask[0]=00000000000000000000000000000000, sa_flags=none
SIGUSR2: [libjvm.dylib+0x46bc36], sa_mask[0]=00100000000000000000000000000000, sa_flags=SA_RESTART|SA_SIGINFO
SIGHUP: [libjvm.dylib+0x46a209], sa_mask[0]=11111111011111110111111111111111, sa_flags=SA_RESTART|SA_SIGINFO
SIGINT: [libjvm.dylib+0x46a209], sa_mask[0]=11111111011111110111111111111111, sa_flags=SA_RESTART|SA_SIGINFO
SIGTERM: [libjvm.dylib+0x46a209], sa_mask[0]=11111111011111110111111111111111, sa_flags=SA_RESTART|SA_SIGINFO
SIGQUIT: [libjvm.dylib+0x46a209], sa_mask[0]=11111111011111110111111111111111, sa_flags=SA_RESTART|SA_SIGINFO


---------------  S Y S T E M  ---------------

OS:Bsduname:Darwin 17.3.0 Darwin Kernel Version 17.3.0: Thu Nov  9 18:09:22 PST 2017; root:xnu-4570.31.3~1/RELEASE_X86_64 x86_64
rlimit: STACK 8192k, CORE 0k, NPROC 709, NOFILE 10240, AS infinity
load average:3.01 2.52 2.48

CPU:total 4 (2 cores per cpu, 2 threads per core) family 6 model 61 stepping 4, cmov, cx8, fxsr, mmx, sse, sse2, sse3, ssse3, sse4.1, sse4.2, popcnt, avx, avx2, aes, clmul, erms, 3dnowpref, lzcnt, ht, tsc, tscinvbit, bmi1, bmi2, adx

Memory: 4k page, physical 8388608k(867316k free)

/proc/meminfo:


vm_info: Java HotSpot(TM) 64-Bit Server VM (25.40-b25) for bsd-amd64 JRE (1.8.0_40-b27), built on Mar 13 2015 04:46:52 by "java_re" with gcc 4.2.1 (Based on Apple Inc. build 5658) (LLVM build 2336.11.00)

time: Sat Aug  4 10:05:15 2018
elapsed time: 1150 seconds (0d 0h 19m 10s)

