#
# A fatal error has been detected by the Java Runtime Environment:
#
#  SIGSEGV (0xb) at pc=0x000000010a234d20, pid=66428, tid=17927
#
# JRE version: Java(TM) SE Runtime Environment (8.0_40-b27) (build 1.8.0_40-b27)
# Java VM: Java HotSpot(TM) 64-Bit Server VM (25.40-b25 mixed mode bsd-amd64 compressed oops)
# Problematic frame:
# V  [libjvm.dylib+0x432d20]
#
# Failed to write core dump. Core dumps have been disabled. To enable core dumping, try "ulimit -c unlimited" before starting Java again
#
# If you would like to submit a bug report, please visit:
#   http://bugreport.java.com/bugreport/crash.jsp
#

---------------  T H R E A D  ---------------

Current thread (0x00007fc36a008800):  JavaThread "JDWP Transport Listener: dt_socket" daemon [_thread_in_vm, id=17927, stack(0x00007000033cd000,0x00007000034cd000)]

siginfo: si_signo: 11 (SIGSEGV), si_code: 0 (unknown), si_addr: 0x0000000000000000

Registers:
RAX=0x0000000000000001, RBX=0x00007000034cca8b, RCX=0x000000010a5fc190, RDX=0x00007000034cca8b
RSP=0x00007000034cc9d0, RBP=0x00007000034cc9e0, RSI=0x00007fc36a008800, RDI=0x6c4565746163696c
R8 =0x0000000000000000, R9 =0x00007fc368723980, R10=0x000007fc368729e7, R11=0x0000000000000001
R12=0x00007fc36a008800, R13=0x6c4565746163696c, R14=0x6c4565746163696c, R15=0x00007fc368700d90
RIP=0x000000010a234d20, EFLAGS=0x0000000000010206, ERR=0x0000000000000000
  TRAPNO=0x000000000000000d

Top of Stack: (sp=0x00007000034cc9d0)
0x00007000034cc9d0:   00007000034cca8b 00007000034cca8b
0x00007000034cc9e0:   00007000034cca40 000000010a14511a
0x00007000034cc9f0:   00007fc36a008800 0000000000000000
0x00007000034cca00:   0000000000000000 0000000000000000
0x00007000034cca10:   00007fc36a008800 00007fc36a008800
0x00007000034cca20:   00007000034cca8b 00007000034cca90
0x00007000034cca30:   6c4565746163696c 0000000000000004
0x00007000034cca40:   00007000034cca60 000000010adcf780
0x00007000034cca50:   0000000000000001 00007000034ccb08
0x00007000034cca60:   00007000034ccad0 000000010adb41f3
0x00007000034cca70:   00007000034ccaa0 00007fc36874ea30
0x00007000034cca80:   0000000500000032 00000008004ccb08
0x00007000034cca90:   0000000000000000 0000000000000000
0x00007000034ccaa0:   0000000000000000 00007000034ccc90
0x00007000034ccab0:   000000010add6e7a 00007fc3686315c0
0x00007000034ccac0:   00007000034ccb08 000000010ade2598
0x00007000034ccad0:   00007000034ccae0 000000010adb42ec
0x00007000034ccae0:   00007000034ccd00 000000010adbd898
0x00007000034ccaf0:   000044fa00000013 00000000000f0200
0x00007000034ccb00:   00007fc3686386c0 00007000034ccc25
0x00007000034ccb10:   00007fc30000005f 00007000034ccb20
0x00007000034ccb20:   00007fc3000000cd 00007000034ccb58
0x00007000034ccb30:   0000000000000000 0000000000000000
0x00007000034ccb40:   000044fa0000000f 0000000000000080
0x00007000034ccb50:   00007000034ccb58 c37f000005000000
0x00007000034ccb60:   0d00000000a77268 6d246164626d616c
0x00007000034ccb70:   00000031246e6961 2f6176616a4c2815
0x00007000034ccb80:   7274532f676e616c 000056293b676e69
0x00007000034ccb90:   00000a1000f00000 0000f01a6368c37f
0x00007000034ccba0:   00006e69616d0400 76616a4c5b281600
0x00007000034ccbb0:   532f676e616c2f61 56293b676e697274
0x00007000034ccbc0:   0900000000000000 181b6368c37f0000 

Instructions: (pc=0x000000010a234d20)
0x000000010a234d00:   40 48 48 85 c0 75 e0 30 c0 0f b6 c0 5d c3 31 c0
0x000000010a234d10:   5d c3 55 48 89 e5 53 48 83 ec 08 48 85 ff 74 24
0x000000010a234d20:   48 8b 1f 48 85 db 74 1c 48 83 fb 37 74 16 48 8b
0x000000010a234d30:   03 48 89 df ff 50 10 84 c0 b8 00 00 00 00 48 0f 

Register to memory mapping:

RAX=0x0000000000000001 is an unknown value
RBX=0x00007000034cca8b is pointing into the stack for thread: 0x00007fc36a008800
RCX=0x000000010a5fc190: UseMembar+0 in /Library/Java/JavaVirtualMachines/jdk1.8.0_40.jdk/Contents/Home/jre/lib/server/libjvm.dylib at 0x0000000109e02000
RDX=0x00007000034cca8b is pointing into the stack for thread: 0x00007fc36a008800
RSP=0x00007000034cc9d0 is pointing into the stack for thread: 0x00007fc36a008800
RBP=0x00007000034cc9e0 is pointing into the stack for thread: 0x00007fc36a008800
RSI=0x00007fc36a008800 is a thread
RDI=0x6c4565746163696c is an unknown value
R8 =0x0000000000000000 is an unknown value
R9 =0x00007fc368723980 is an unknown value
R10=0x000007fc368729e7 is an unknown value
R11=0x0000000000000001 is an unknown value
R12=0x00007fc36a008800 is a thread
R13=0x6c4565746163696c is an unknown value
R14=0x6c4565746163696c is an unknown value
R15=0x00007fc368700d90 is an unknown value


Stack: [0x00007000033cd000,0x00007000034cd000],  sp=0x00007000034cc9d0,  free space=1022k
Native frames: (J=compiled Java code, j=interpreted, Vv=VM code, C=native code)
V  [libjvm.dylib+0x432d20]
V  [libjvm.dylib+0x34311a]
C  [libjdwp.dylib+0x20780]  isMethodSynthetic+0x63
C  [libjdwp.dylib+0x51f3]  methods1+0x10b
C  [libjdwp.dylib+0x52ec]  methodsWithGeneric+0xe
C  [libjdwp.dylib+0xe898]  debugLoop_run+0x1ce
C  [libjdwp.dylib+0x1f6ba]  attachThread+0x4d
V  [libjvm.dylib+0x384060]
V  [libjvm.dylib+0x549acf]
V  [libjvm.dylib+0x54b1c0]
V  [libjvm.dylib+0x46ea8e]
C  [libsystem_pthread.dylib+0x36c1]  _pthread_body+0x154
C  [libsystem_pthread.dylib+0x356d]  _pthread_body+0x0
C  [libsystem_pthread.dylib+0x2c5d]  thread_start+0xd
C  0x0000000000000000


---------------  P R O C E S S  ---------------

Java Threads: ( => current thread )
  0x00007fc368817000 JavaThread "Service Thread" daemon [_thread_blocked, id=16387, stack(0x00007000039df000,0x0000700003adf000)]
  0x00007fc36a079800 JavaThread "C1 CompilerThread2" daemon [_thread_blocked, id=14339, stack(0x00007000038dc000,0x00007000039dc000)]
  0x00007fc36a079000 JavaThread "C2 CompilerThread1" daemon [_thread_blocked, id=13827, stack(0x00007000037d9000,0x00007000038d9000)]
  0x00007fc369027000 JavaThread "C2 CompilerThread0" daemon [_thread_blocked, id=17155, stack(0x00007000036d6000,0x00007000037d6000)]
  0x00007fc36902d800 JavaThread "JDWP Command Reader" daemon [_thread_in_native, id=13571, stack(0x00007000035d3000,0x00007000036d3000)]
  0x00007fc36902d000 JavaThread "JDWP Event Helper Thread" daemon [_thread_blocked, id=13059, stack(0x00007000034d0000,0x00007000035d0000)]
=>0x00007fc36a008800 JavaThread "JDWP Transport Listener: dt_socket" daemon [_thread_in_vm, id=17927, stack(0x00007000033cd000,0x00007000034cd000)]
  0x00007fc368816800 JavaThread "Signal Dispatcher" daemon [_thread_blocked, id=18443, stack(0x00007000032ca000,0x00007000033ca000)]
  0x00007fc36a008000 JavaThread "Finalizer" daemon [_thread_blocked, id=11267, stack(0x00007000031c7000,0x00007000032c7000)]
  0x00007fc369035000 JavaThread "Reference Handler" daemon [_thread_blocked, id=20227, stack(0x00007000030c4000,0x00007000031c4000)]
  0x00007fc368809800 JavaThread "main" [_thread_blocked, id=4867, stack(0x00007000029ac000,0x0000700002aac000)]

Other Threads:
  0x00007fc369001000 VMThread [stack: 0x0000700002fc1000,0x00007000030c1000] [id=20739]
  0x00007fc368818000 WatcherThread [stack: 0x0000700003ae2000,0x0000700003be2000] [id=14595]

VM state:not at safepoint (normal execution)

VM Mutex/Monitor currently owned by a thread: None

Heap:
 PSYoungGen      total 38400K, used 7362K [0x0000000795580000, 0x0000000798000000, 0x00000007c0000000)
  eden space 33280K, 22% used [0x0000000795580000,0x0000000795cb0968,0x0000000797600000)
  from space 5120K, 0% used [0x0000000797b00000,0x0000000797b00000,0x0000000798000000)
  to   space 5120K, 0% used [0x0000000797600000,0x0000000797600000,0x0000000797b00000)
 ParOldGen       total 87552K, used 0K [0x0000000740000000, 0x0000000745580000, 0x0000000795580000)
  object space 87552K, 0% used [0x0000000740000000,0x0000000740000000,0x0000000745580000)
 Metaspace       used 4572K, capacity 4998K, committed 5248K, reserved 1056768K
  class space    used 525K, capacity 607K, committed 640K, reserved 1048576K

Card table byte_map: [0x000000010ba65000,0x000000010be66000] byte_map_base: 0x0000000108065000

Marking Bits: (ParMarkBitMap*) 0x000000010a6c47a0
 Begin Bits: [0x000000010c111000, 0x000000010e111000)
 End Bits:   [0x000000010e111000, 0x0000000110111000)

Polling page: 0x000000010adae000

CodeCache: size=245760Kb used=1145Kb max_used=1145Kb free=244614Kb
 bounds [0x0000000111681000, 0x00000001118f1000, 0x0000000120681000]
 total_blobs=349 nmethods=69 adapters=202
 compilation: enabled

Compilation events (10 events):
Event: 0.473 Thread 0x00007fc36a079800   20       3       java.lang.Object::<init> (1 bytes)
Event: 0.473 Thread 0x00007fc36a079800 nmethod 20 0x000000011178f250 code [0x000000011178f3c0, 0x000000011178f510]
Event: 0.473 Thread 0x00007fc36a079800   17       3       java.util.ArrayList::elementData (7 bytes)
Event: 0.473 Thread 0x00007fc36a079800 nmethod 17 0x000000011178ee50 code [0x000000011178efc0, 0x000000011178f150]
Event: 0.484 Thread 0x00007fc36a079800   21       3       java.util.HashMap::get (23 bytes)
Event: 0.485 Thread 0x00007fc36a079800 nmethod 21 0x000000011178e750 code [0x000000011178e8e0, 0x000000011178ecf8]
Event: 0.485 Thread 0x00007fc36a079800   22       3       java.lang.String::indexOf (166 bytes)
Event: 0.486 Thread 0x00007fc36a079800 nmethod 22 0x0000000111795110 code [0x00000001117952c0, 0x0000000111795910]
Event: 15.942 Thread 0x00007fc36a079800   69       1       java.util.ArrayList::size (5 bytes)
Event: 15.943 Thread 0x00007fc36a079800 nmethod 69 0x000000011179f350 code [0x000000011179f4a0, 0x000000011179f5b0]

GC Heap History (0 events):
No events

Deoptimization events (0 events):
No events

Internal exceptions (4 events):
Event: 0.135 Thread 0x00007fc368809800 Exception <a 'java/lang/NoSuchMethodError': Method sun.misc.Unsafe.defineClass(Ljava/lang/String;[BII)Ljava/lang/Class; name or signature does not match> (0x0000000795592db0) thrown at [/Users/java_re/workspace/8-2-build-macosx-x86_64/jdk8u40/3153/hotspot
Event: 0.135 Thread 0x00007fc368809800 Exception <a 'java/lang/NoSuchMethodError': Method sun.misc.Unsafe.prefetchRead(Ljava/lang/Object;J)V name or signature does not match> (0x0000000795593040) thrown at [/Users/java_re/workspace/8-2-build-macosx-x86_64/jdk8u40/3153/hotspot/src/share/vm/prim
Event: 3.281 Thread 0x00007fc368809800 Exception <a 'java/lang/NoSuchFieldError': method resolution failed> (0x0000000795ae5c68) thrown at [/Users/java_re/workspace/8-2-build-macosx-x86_64/jdk8u40/3153/hotspot/src/share/vm/prims/methodHandles.cpp, line 1125]
Event: 3.293 Thread 0x00007fc368809800 Exception <a 'java/lang/NoSuchFieldError': method resolution failed> (0x0000000795af4e60) thrown at [/Users/java_re/workspace/8-2-build-macosx-x86_64/jdk8u40/3153/hotspot/src/share/vm/prims/methodHandles.cpp, line 1125]

Events (10 events):
Event: 3734.397 Executing VM operation: ChangeBreakpoints
Event: 3734.397 Executing VM operation: ChangeBreakpoints done
Event: 3815.460 Executing VM operation: ChangeBreakpoints
Event: 3815.460 Executing VM operation: ChangeBreakpoints done
Event: 3815.462 Executing VM operation: ChangeBreakpoints
Event: 3815.462 Executing VM operation: ChangeBreakpoints done
Event: 3815.474 Executing VM operation: ChangeBreakpoints
Event: 3815.474 Executing VM operation: ChangeBreakpoints done
Event: 3833.165 Executing VM operation: RedefineClasses
Event: 3833.167 Executing VM operation: RedefineClasses done


Dynamic libraries:
0x0000000014fbf000 	/System/Library/Frameworks/Cocoa.framework/Versions/A/Cocoa
0x0000000014fbf000 	/System/Library/Frameworks/Security.framework/Versions/A/Security
0x0000000014fbf000 	/System/Library/Frameworks/ApplicationServices.framework/Versions/A/ApplicationServices
0x0000000014fbf000 	/usr/lib/libz.1.dylib
0x0000000014fbf000 	/usr/lib/libSystem.B.dylib
0x0000000014fbf000 	/usr/lib/libobjc.A.dylib
0x0000000014fbf000 	/System/Library/Frameworks/CoreFoundation.framework/Versions/A/CoreFoundation
0x0000000014fbf000 	/System/Library/Frameworks/Foundation.framework/Versions/C/Foundation
0x0000000014fbf000 	/System/Library/Frameworks/AppKit.framework/Versions/C/AppKit
0x0000000014fbf000 	/System/Library/Frameworks/CoreData.framework/Versions/A/CoreData
0x0000000014fbf000 	/System/Library/PrivateFrameworks/RemoteViewServices.framework/Versions/A/RemoteViewServices
0x0000000014fbf000 	/System/Library/PrivateFrameworks/UIFoundation.framework/Versions/A/UIFoundation
0x0000000014fbf000 	/System/Library/PrivateFrameworks/DFRFoundation.framework/Versions/A/DFRFoundation
0x0000000014fbf000 	/System/Library/Frameworks/Metal.framework/Versions/A/Metal
0x0000000014fbf000 	/System/Library/PrivateFrameworks/DesktopServicesPriv.framework/Versions/A/DesktopServicesPriv
0x0000000014fbf000 	/usr/lib/libenergytrace.dylib
0x0000000014fbf000 	/System/Library/PrivateFrameworks/SkyLight.framework/Versions/A/SkyLight
0x0000000014fbf000 	/System/Library/Frameworks/CoreGraphics.framework/Versions/A/CoreGraphics
0x0000000014fbf000 	/usr/lib/libScreenReader.dylib
0x0000000014fbf000 	/System/Library/Frameworks/Accelerate.framework/Versions/A/Accelerate
0x0000000014fbf000 	/System/Library/Frameworks/IOSurface.framework/Versions/A/IOSurface
0x0000000014fbf000 	/System/Library/Frameworks/AudioToolbox.framework/Versions/A/AudioToolbox
0x0000000014fbf000 	/System/Library/Frameworks/AudioUnit.framework/Versions/A/AudioUnit
0x0000000014fbf000 	/System/Library/PrivateFrameworks/DataDetectorsCore.framework/Versions/A/DataDetectorsCore
0x0000000014fbf000 	/System/Library/Frameworks/Carbon.framework/Versions/A/Frameworks/HIToolbox.framework/Versions/A/HIToolbox
0x0000000014fbf000 	/usr/lib/libicucore.A.dylib
0x0000000014fbf000 	/System/Library/Frameworks/QuartzCore.framework/Versions/A/QuartzCore
0x0000000014fbf000 	/System/Library/Frameworks/Carbon.framework/Versions/A/Frameworks/SpeechRecognition.framework/Versions/A/SpeechRecognition
0x0000000014fbf000 	/usr/lib/libauto.dylib
0x0000000014fbf000 	/usr/lib/libxml2.2.dylib
0x0000000014fbf000 	/System/Library/PrivateFrameworks/CoreUI.framework/Versions/A/CoreUI
0x0000000014fbf000 	/System/Library/Frameworks/CoreAudio.framework/Versions/A/CoreAudio
0x0000000014fbf000 	/System/Library/Frameworks/DiskArbitration.framework/Versions/A/DiskArbitration
0x0000000014fbf000 	/usr/lib/liblangid.dylib
0x0000000014fbf000 	/System/Library/PrivateFrameworks/MultitouchSupport.framework/Versions/A/MultitouchSupport
0x0000000014fbf000 	/System/Library/Frameworks/IOKit.framework/Versions/A/IOKit
0x0000000014fbf000 	/usr/lib/libDiagnosticMessagesClient.dylib
0x0000000014fbf000 	/System/Library/Frameworks/CoreServices.framework/Versions/A/CoreServices
0x0000000014fbf000 	/System/Library/PrivateFrameworks/PerformanceAnalysis.framework/Versions/A/PerformanceAnalysis
0x0000000014fbf000 	/System/Library/Frameworks/OpenGL.framework/Versions/A/OpenGL
0x0000000014fbf000 	/System/Library/Frameworks/ColorSync.framework/Versions/A/ColorSync
0x0000000014fbf000 	/System/Library/Frameworks/CoreImage.framework/Versions/A/CoreImage
0x0000000014fbf000 	/System/Library/Frameworks/CoreText.framework/Versions/A/CoreText
0x0000000014fbf000 	/System/Library/Frameworks/ImageIO.framework/Versions/A/ImageIO
0x0000000014fbf000 	/System/Library/PrivateFrameworks/Backup.framework/Versions/A/Backup
0x0000000014fbf000 	/usr/lib/libarchive.2.dylib
0x0000000014fbf000 	/System/Library/Frameworks/CFNetwork.framework/Versions/A/CFNetwork
0x0000000014fbf000 	/System/Library/Frameworks/SystemConfiguration.framework/Versions/A/SystemConfiguration
0x0000000014fbf000 	/usr/lib/libCRFSuite.dylib
0x0000000014fbf000 	/usr/lib/libc++.1.dylib
0x0000000014fbf000 	/usr/lib/libc++abi.dylib
0x0000000014fbf000 	/usr/lib/system/libcache.dylib
0x0000000014fbf000 	/usr/lib/system/libcommonCrypto.dylib
0x0000000014fbf000 	/usr/lib/system/libcompiler_rt.dylib
0x0000000014fbf000 	/usr/lib/system/libcopyfile.dylib
0x0000000014fbf000 	/usr/lib/system/libcorecrypto.dylib
0x0000000014fbf000 	/usr/lib/system/libdispatch.dylib
0x0000000014fbf000 	/usr/lib/system/libdyld.dylib
0x0000000014fbf000 	/usr/lib/system/libkeymgr.dylib
0x0000000014fbf000 	/usr/lib/system/liblaunch.dylib
0x0000000014fbf000 	/usr/lib/system/libmacho.dylib
0x0000000014fbf000 	/usr/lib/system/libquarantine.dylib
0x0000000014fbf000 	/usr/lib/system/libremovefile.dylib
0x0000000014fbf000 	/usr/lib/system/libsystem_asl.dylib
0x0000000014fbf000 	/usr/lib/system/libsystem_blocks.dylib
0x0000000014fbf000 	/usr/lib/system/libsystem_c.dylib
0x0000000014fbf000 	/usr/lib/system/libsystem_configuration.dylib
0x0000000014fbf000 	/usr/lib/system/libsystem_coreservices.dylib
0x0000000014fbf000 	/usr/lib/system/libsystem_darwin.dylib
0x0000000014fbf000 	/usr/lib/system/libsystem_dnssd.dylib
0x0000000014fbf000 	/usr/lib/system/libsystem_info.dylib
0x0000000014fbf000 	/usr/lib/system/libsystem_m.dylib
0x0000000014fbf000 	/usr/lib/system/libsystem_malloc.dylib
0x0000000014fbf000 	/usr/lib/system/libsystem_network.dylib
0x0000000014fbf000 	/usr/lib/system/libsystem_networkextension.dylib
0x0000000014fbf000 	/usr/lib/system/libsystem_notify.dylib
0x0000000014fbf000 	/usr/lib/system/libsystem_sandbox.dylib
0x0000000014fbf000 	/usr/lib/system/libsystem_secinit.dylib
0x0000000014fbf000 	/usr/lib/system/libsystem_kernel.dylib
0x0000000014fbf000 	/usr/lib/system/libsystem_platform.dylib
0x0000000014fbf000 	/usr/lib/system/libsystem_pthread.dylib
0x0000000014fbf000 	/usr/lib/system/libsystem_symptoms.dylib
0x0000000014fbf000 	/usr/lib/system/libsystem_trace.dylib
0x0000000014fbf000 	/usr/lib/system/libunwind.dylib
0x0000000014fbf000 	/usr/lib/system/libxpc.dylib
0x0000000014fbf000 	/usr/lib/closure/libclosured.dylib
0x0000000014fbf000 	/usr/lib/libbsm.0.dylib
0x0000000014fbf000 	/usr/lib/system/libkxld.dylib
0x0000000014fbf000 	/usr/lib/libOpenScriptingUtil.dylib
0x0000000014fbf000 	/usr/lib/libcoretls.dylib
0x0000000014fbf000 	/usr/lib/libcoretls_cfhelpers.dylib
0x0000000014fbf000 	/usr/lib/libpam.2.dylib
0x0000000014fbf000 	/usr/lib/libsqlite3.dylib
0x0000000014fbf000 	/usr/lib/libxar.1.dylib
0x0000000014fbf000 	/usr/lib/libbz2.1.0.dylib
0x0000000014fbf000 	/usr/lib/liblzma.5.dylib
0x0000000014fbf000 	/usr/lib/libnetwork.dylib
0x0000000014fbf000 	/usr/lib/libapple_nghttp2.dylib
0x0000000014fbf000 	/usr/lib/libpcap.A.dylib
0x0000000014fbf000 	/usr/lib/libboringssl.dylib
0x0000000014fbf000 	/usr/lib/libusrtcp.dylib
0x0000000014fbf000 	/usr/lib/libapple_crypto.dylib
0x0000000014fbf000 	/System/Library/Frameworks/CoreServices.framework/Versions/A/Frameworks/FSEvents.framework/Versions/A/FSEvents
0x0000000014fbf000 	/System/Library/Frameworks/CoreServices.framework/Versions/A/Frameworks/CarbonCore.framework/Versions/A/CarbonCore
0x0000000014fbf000 	/System/Library/Frameworks/CoreServices.framework/Versions/A/Frameworks/Metadata.framework/Versions/A/Metadata
0x0000000014fbf000 	/System/Library/Frameworks/CoreServices.framework/Versions/A/Frameworks/OSServices.framework/Versions/A/OSServices
0x0000000014fbf000 	/System/Library/Frameworks/CoreServices.framework/Versions/A/Frameworks/SearchKit.framework/Versions/A/SearchKit
0x0000000014fbf000 	/System/Library/Frameworks/CoreServices.framework/Versions/A/Frameworks/AE.framework/Versions/A/AE
0x0000000014fbf000 	/System/Library/Frameworks/CoreServices.framework/Versions/A/Frameworks/LaunchServices.framework/Versions/A/LaunchServices
0x0000000014fbf000 	/System/Library/Frameworks/CoreServices.framework/Versions/A/Frameworks/DictionaryServices.framework/Versions/A/DictionaryServices
0x0000000014fbf000 	/System/Library/Frameworks/CoreServices.framework/Versions/A/Frameworks/SharedFileList.framework/Versions/A/SharedFileList
0x0000000014fbf000 	/System/Library/Frameworks/NetFS.framework/Versions/A/NetFS
0x0000000014fbf000 	/System/Library/PrivateFrameworks/NetAuth.framework/Versions/A/NetAuth
0x0000000014fbf000 	/System/Library/PrivateFrameworks/login.framework/Versions/A/Frameworks/loginsupport.framework/Versions/A/loginsupport
0x0000000014fbf000 	/System/Library/PrivateFrameworks/TCC.framework/Versions/A/TCC
0x0000000014fbf000 	/usr/lib/libmecabra.dylib
0x0000000014fbf000 	/System/Library/Frameworks/ApplicationServices.framework/Versions/A/Frameworks/ATS.framework/Versions/A/ATS
0x0000000014fbf000 	/System/Library/Frameworks/ApplicationServices.framework/Versions/A/Frameworks/ColorSyncLegacy.framework/Versions/A/ColorSyncLegacy
0x0000000014fbf000 	/System/Library/Frameworks/ApplicationServices.framework/Versions/A/Frameworks/HIServices.framework/Versions/A/HIServices
0x0000000014fbf000 	/System/Library/Frameworks/ApplicationServices.framework/Versions/A/Frameworks/LangAnalysis.framework/Versions/A/LangAnalysis
0x0000000014fbf000 	/System/Library/Frameworks/ApplicationServices.framework/Versions/A/Frameworks/PrintCore.framework/Versions/A/PrintCore
0x0000000014fbf000 	/System/Library/Frameworks/ApplicationServices.framework/Versions/A/Frameworks/QD.framework/Versions/A/QD
0x0000000014fbf000 	/System/Library/Frameworks/ApplicationServices.framework/Versions/A/Frameworks/SpeechSynthesis.framework/Versions/A/SpeechSynthesis
0x0000000014fbf000 	/System/Library/Frameworks/CoreDisplay.framework/Versions/A/CoreDisplay
0x0000000014fbf000 	/System/Library/Frameworks/Accelerate.framework/Versions/A/Frameworks/vImage.framework/Versions/A/vImage
0x0000000014fbf000 	/System/Library/Frameworks/Accelerate.framework/Versions/A/Frameworks/vecLib.framework/Versions/A/vecLib
0x0000000014fbf000 	/System/Library/Frameworks/Accelerate.framework/Versions/A/Frameworks/vecLib.framework/Versions/A/libvDSP.dylib
0x0000000014fbf000 	/System/Library/Frameworks/Accelerate.framework/Versions/A/Frameworks/vecLib.framework/Versions/A/libBNNS.dylib
0x0000000014fbf000 	/System/Library/Frameworks/Accelerate.framework/Versions/A/Frameworks/vecLib.framework/Versions/A/libQuadrature.dylib
0x0000000014fbf000 	/System/Library/Frameworks/Accelerate.framework/Versions/A/Frameworks/vecLib.framework/Versions/A/libvMisc.dylib
0x0000000014fbf000 	/System/Library/Frameworks/Accelerate.framework/Versions/A/Frameworks/vecLib.framework/Versions/A/libLAPACK.dylib
0x0000000014fbf000 	/System/Library/Frameworks/Accelerate.framework/Versions/A/Frameworks/vecLib.framework/Versions/A/libBLAS.dylib
0x0000000014fbf000 	/System/Library/Frameworks/Accelerate.framework/Versions/A/Frameworks/vecLib.framework/Versions/A/libLinearAlgebra.dylib
0x0000000014fbf000 	/System/Library/Frameworks/Accelerate.framework/Versions/A/Frameworks/vecLib.framework/Versions/A/libSparse.dylib
0x0000000014fbf000 	/System/Library/Frameworks/Accelerate.framework/Versions/A/Frameworks/vecLib.framework/Versions/A/libSparseBLAS.dylib
0x0000000014fbf000 	/System/Library/PrivateFrameworks/IOAccelerator.framework/Versions/A/IOAccelerator
0x0000000014fbf000 	/System/Library/PrivateFrameworks/IOPresentment.framework/Versions/A/IOPresentment
0x0000000014fbf000 	/System/Library/PrivateFrameworks/DSExternalDisplay.framework/Versions/A/DSExternalDisplay
0x0000000014fbf000 	/System/Library/Frameworks/OpenGL.framework/Versions/A/Libraries/libCoreFSCache.dylib
0x0000000014fbf000 	/System/Library/Frameworks/CoreVideo.framework/Versions/A/CoreVideo
0x0000000014fbf000 	/System/Library/PrivateFrameworks/GraphVisualizer.framework/Versions/A/GraphVisualizer
0x0000000014fbf000 	/System/Library/Frameworks/MetalPerformanceShaders.framework/Versions/A/MetalPerformanceShaders
0x0000000014fbf000 	/usr/lib/libFosl_dynamic.dylib
0x0000000014fbf000 	/System/Library/PrivateFrameworks/FaceCore.framework/Versions/A/FaceCore
0x0000000014fbf000 	/System/Library/Frameworks/OpenCL.framework/Versions/A/OpenCL
0x0000000014fbf000 	/usr/lib/libcompression.dylib
0x0000000014fbf000 	/System/Library/Frameworks/ApplicationServices.framework/Versions/A/Frameworks/ATS.framework/Versions/A/Resources/libFontParser.dylib
0x0000000014fbf000 	/System/Library/Frameworks/ApplicationServices.framework/Versions/A/Frameworks/ATS.framework/Versions/A/Resources/libFontRegistry.dylib
0x0000000014fbf000 	/System/Library/Frameworks/ImageIO.framework/Versions/A/Resources/libJPEG.dylib
0x0000000014fbf000 	/System/Library/Frameworks/ImageIO.framework/Versions/A/Resources/libTIFF.dylib
0x0000000014fbf000 	/System/Library/Frameworks/ImageIO.framework/Versions/A/Resources/libPng.dylib
0x0000000014fbf000 	/System/Library/Frameworks/ImageIO.framework/Versions/A/Resources/libGIF.dylib
0x0000000014fbf000 	/System/Library/Frameworks/ImageIO.framework/Versions/A/Resources/libJP2.dylib
0x0000000014fbf000 	/System/Library/Frameworks/ImageIO.framework/Versions/A/Resources/libRadiance.dylib
0x0000000014fbf000 	/System/Library/PrivateFrameworks/AppleJPEG.framework/Versions/A/AppleJPEG
0x0000000014fbf000 	/System/Library/PrivateFrameworks/MetalTools.framework/Versions/A/MetalTools
0x0000000014fbf000 	/System/Library/Frameworks/MetalPerformanceShaders.framework/Frameworks/MPSCore.framework/Versions/A/MPSCore
0x0000000014fbf000 	/System/Library/Frameworks/MetalPerformanceShaders.framework/Frameworks/MPSImage.framework/Versions/A/MPSImage
0x0000000014fbf000 	/System/Library/Frameworks/MetalPerformanceShaders.framework/Frameworks/MPSMatrix.framework/Versions/A/MPSMatrix
0x0000000014fbf000 	/System/Library/Frameworks/MetalPerformanceShaders.framework/Frameworks/MPSNeuralNetwork.framework/Versions/A/MPSNeuralNetwork
0x0000000014fbf000 	/System/Library/Frameworks/OpenGL.framework/Versions/A/Libraries/libGLU.dylib
0x0000000014fbf000 	/System/Library/Frameworks/OpenGL.framework/Versions/A/Libraries/libGFXShared.dylib
0x0000000014fbf000 	/System/Library/Frameworks/OpenGL.framework/Versions/A/Libraries/libGL.dylib
0x0000000014fbf000 	/System/Library/Frameworks/OpenGL.framework/Versions/A/Libraries/libGLImage.dylib
0x0000000014fbf000 	/System/Library/Frameworks/OpenGL.framework/Versions/A/Libraries/libCVMSPluginSupport.dylib
0x0000000014fbf000 	/System/Library/Frameworks/OpenGL.framework/Versions/A/Libraries/libCoreVMClient.dylib
0x0000000014fbf000 	/usr/lib/libcups.2.dylib
0x0000000014fbf000 	/System/Library/Frameworks/Kerberos.framework/Versions/A/Kerberos
0x0000000014fbf000 	/System/Library/Frameworks/GSS.framework/Versions/A/GSS
0x0000000014fbf000 	/usr/lib/libresolv.9.dylib
0x0000000014fbf000 	/usr/lib/libiconv.2.dylib
0x0000000014fbf000 	/System/Library/PrivateFrameworks/Heimdal.framework/Versions/A/Heimdal
0x0000000014fbf000 	/usr/lib/libheimdal-asn1.dylib
0x0000000014fbf000 	/System/Library/Frameworks/OpenDirectory.framework/Versions/A/OpenDirectory
0x0000000014fbf000 	/System/Library/PrivateFrameworks/CommonAuth.framework/Versions/A/CommonAuth
0x0000000014fbf000 	/System/Library/Frameworks/OpenDirectory.framework/Versions/A/Frameworks/CFOpenDirectory.framework/Versions/A/CFOpenDirectory
0x0000000014fbf000 	/System/Library/Frameworks/SecurityFoundation.framework/Versions/A/SecurityFoundation
0x0000000014fbf000 	/System/Library/PrivateFrameworks/APFS.framework/Versions/A/APFS
0x0000000014fbf000 	/usr/lib/libutil.dylib
0x0000000014fbf000 	/System/Library/PrivateFrameworks/AppleSauce.framework/Versions/A/AppleSauce
0x0000000014fbf000 	/System/Library/PrivateFrameworks/LinguisticData.framework/Versions/A/LinguisticData
0x0000000014fbf000 	/usr/lib/libmarisa.dylib
0x0000000014fbf000 	/System/Library/PrivateFrameworks/Lexicon.framework/Versions/A/Lexicon
0x0000000014fbf000 	/usr/lib/libChineseTokenizer.dylib
0x0000000014fbf000 	/usr/lib/libcmph.dylib
0x0000000014fbf000 	/System/Library/PrivateFrameworks/LanguageModeling.framework/Versions/A/LanguageModeling
0x0000000014fbf000 	/System/Library/PrivateFrameworks/CoreEmoji.framework/Versions/A/CoreEmoji
0x0000000014fbf000 	/System/Library/Frameworks/ServiceManagement.framework/Versions/A/ServiceManagement
0x0000000014fbf000 	/System/Library/PrivateFrameworks/BackgroundTaskManagement.framework/Versions/A/BackgroundTaskManagement
0x0000000014fbf000 	/usr/lib/libxslt.1.dylib
0x0000000014fbf000 	/System/Library/Frameworks/Carbon.framework/Versions/A/Frameworks/Ink.framework/Versions/A/Ink
0x0000000014fbf000 	/System/Library/PrivateFrameworks/TextureIO.framework/Versions/A/TextureIO
0x0000000014fbf000 	/usr/lib/libate.dylib
0x0000000014fbf000 	/System/Library/PrivateFrameworks/CrashReporterSupport.framework/Versions/A/CrashReporterSupport
0x0000000014fbf000 	/System/Library/PrivateFrameworks/Sharing.framework/Versions/A/Sharing
0x0000000014fbf000 	/System/Library/PrivateFrameworks/IconServices.framework/Versions/A/IconServices
0x0000000014fbf000 	/System/Library/PrivateFrameworks/ProtocolBuffer.framework/Versions/A/ProtocolBuffer
0x0000000014fbf000 	/System/Library/PrivateFrameworks/Apple80211.framework/Versions/A/Apple80211
0x0000000014fbf000 	/System/Library/Frameworks/CoreWLAN.framework/Versions/A/CoreWLAN
0x0000000014fbf000 	/System/Library/PrivateFrameworks/CoreUtils.framework/Versions/A/CoreUtils
0x0000000014fbf000 	/System/Library/Frameworks/IOBluetooth.framework/Versions/A/IOBluetooth
0x0000000014fbf000 	/System/Library/PrivateFrameworks/CoreWiFi.framework/Versions/A/CoreWiFi
0x0000000014fbf000 	/System/Library/Frameworks/CoreBluetooth.framework/Versions/A/CoreBluetooth
0x0000000014fbf000 	/System/Library/PrivateFrameworks/SignpostNotification.framework/Versions/A/SignpostNotification
0x0000000014fbf000 	/System/Library/PrivateFrameworks/DebugSymbols.framework/Versions/A/DebugSymbols
0x0000000014fbf000 	/System/Library/PrivateFrameworks/CoreSymbolication.framework/Versions/A/CoreSymbolication
0x0000000014fbf000 	/System/Library/PrivateFrameworks/Symbolication.framework/Versions/A/Symbolication
0x0000000014fbf000 	/System/Library/PrivateFrameworks/AppleFSCompression.framework/Versions/A/AppleFSCompression
0x0000000014fbf000 	/System/Library/PrivateFrameworks/SpeechRecognitionCore.framework/Versions/A/SpeechRecognitionCore
0x0000000109e02000 	/Library/Java/JavaVirtualMachines/jdk1.8.0_40.jdk/Contents/Home/jre/lib/server/libjvm.dylib
0x0000000014fbf000 	/usr/lib/libstdc++.6.0.9.dylib
0x000000010ad6b000 	/Library/Java/JavaVirtualMachines/jdk1.8.0_40.jdk/Contents/Home/jre/lib/libverify.dylib
0x000000010ad79000 	/Library/Java/JavaVirtualMachines/jdk1.8.0_40.jdk/Contents/Home/jre/lib/libjava.dylib
0x000000010adaf000 	/Library/Java/JavaVirtualMachines/jdk1.8.0_40.jdk/Contents/Home/jre/lib/libjdwp.dylib
0x000000010adfa000 	/Library/Java/JavaVirtualMachines/jdk1.8.0_40.jdk/Contents/Home/jre/lib/libnpt.dylib
0x000000010b600000 	/Library/Java/JavaVirtualMachines/jdk1.8.0_40.jdk/Contents/Home/jre/lib/libinstrument.dylib
0x000000010b69c000 	/Library/Java/JavaVirtualMachines/jdk1.8.0_40.jdk/Contents/Home/jre/lib/libzip.dylib
0x0000000014fbf000 	/System/Library/Frameworks/JavaVM.framework/Versions/A/Frameworks/JavaRuntimeSupport.framework/Versions/A/JavaRuntimeSupport
0x0000000014fbf000 	/System/Library/Frameworks/JavaVM.framework/Versions/A/Frameworks/JavaNativeFoundation.framework/Versions/A/JavaNativeFoundation
0x0000000014fbf000 	/System/Library/Frameworks/JavaVM.framework/Versions/A/JavaVM
0x0000000014fbf000 	/System/Library/Frameworks/Carbon.framework/Versions/A/Carbon
0x0000000014fbf000 	/System/Library/PrivateFrameworks/JavaLaunching.framework/Versions/A/JavaLaunching
0x0000000014fbf000 	/System/Library/Frameworks/Carbon.framework/Versions/A/Frameworks/CommonPanels.framework/Versions/A/CommonPanels
0x0000000014fbf000 	/System/Library/Frameworks/Carbon.framework/Versions/A/Frameworks/Help.framework/Versions/A/Help
0x0000000014fbf000 	/System/Library/Frameworks/Carbon.framework/Versions/A/Frameworks/ImageCapture.framework/Versions/A/ImageCapture
0x0000000014fbf000 	/System/Library/Frameworks/Carbon.framework/Versions/A/Frameworks/OpenScripting.framework/Versions/A/OpenScripting
0x0000000014fbf000 	/System/Library/Frameworks/Carbon.framework/Versions/A/Frameworks/Print.framework/Versions/A/Print
0x0000000014fbf000 	/System/Library/Frameworks/Carbon.framework/Versions/A/Frameworks/SecurityHI.framework/Versions/A/SecurityHI
0x0000000122a46000 	/Library/Java/JavaVirtualMachines/jdk1.8.0_40.jdk/Contents/Home/jre/lib/libdt_socket.dylib
0x0000000122b7e000 	/Library/Java/JavaVirtualMachines/jdk1.8.0_40.jdk/Contents/Home/jre/lib/libnio.dylib
0x0000000122b8e000 	/Library/Java/JavaVirtualMachines/jdk1.8.0_40.jdk/Contents/Home/jre/lib/./libnet.dylib

VM Arguments:
jvm_args: -agentlib:jdwp=transport=dt_socket,address=127.0.0.1:57275,suspend=y,server=n -javaagent:/Users/LalinPethiyagoda/Library/Caches/IntelliJIdea2017.3/captureAgent/debugger-agent.jar=/private/var/folders/18/ptkymh6x7ts8pwv_36r_rl_h0000gn/T/capture.props -Dfile.encoding=UTF-8 
java_command: com.java.array.ex.XL
java_class_path (initial): /Library/Java/JavaVirtualMachines/jdk1.8.0_40.jdk/Contents/Home/lib/ant-javafx.jar:/Library/Java/JavaVirtualMachines/jdk1.8.0_40.jdk/Contents/Home/lib/dt.jar:/Library/Java/JavaVirtualMachines/jdk1.8.0_40.jdk/Contents/Home/lib/javafx-mx.jar:/Library/Java/JavaVirtualMachines/jdk1.8.0_40.jdk/Contents/Home/lib/jconsole.jar:/Library/Java/JavaVirtualMachines/jdk1.8.0_40.jdk/Contents/Home/lib/packager.jar:/Library/Java/JavaVirtualMachines/jdk1.8.0_40.jdk/Contents/Home/lib/sa-jdi.jar:/Library/Java/JavaVirtualMachines/jdk1.8.0_40.jdk/Contents/Home/lib/tools.jar:/Library/Java/JavaVirtualMachines/jdk1.8.0_40.jdk/Contents/Home/jre/lib/charsets.jar:/Library/Java/JavaVirtualMachines/jdk1.8.0_40.jdk/Contents/Home/jre/lib/deploy.jar:/Library/Java/JavaVirtualMachines/jdk1.8.0_40.jdk/Contents/Home/jre/lib/javaws.jar:/Library/Java/JavaVirtualMachines/jdk1.8.0_40.jdk/Contents/Home/jre/lib/jce.jar:/Library/Java/JavaVirtualMachines/jdk1.8.0_40.jdk/Contents/Home/jre/lib/jfr.jar:/Library/Java/JavaVirtualMachines/jdk1.8.0_40.jdk/Contents/Home/jre/lib/jfxswt.jar:/Library/Java/JavaVirtualMachines/jdk1.8.0_40.jdk/Contents/Home/jre/lib/jsse.jar:/Library/Java/JavaVirtualMachines/jdk1.8.0_40.jdk/Contents/Home/jre/lib/management-agent.jar:/Library/Java/JavaVirtualMachines/jdk1.8.0_40.jdk/Contents/Home/jre/lib/plugin.jar:/Library/Java/JavaVirtualMachines/jdk1.8.0_40.jdk/Contents/Home/jre/lib/resources.jar:/Library/Java/JavaVirtualMachines/jdk1.8.0_40.jdk/Contents/Home/jre/lib/rt.jar:/Library/Java/JavaVirtualMachines/jdk1.8.0_40.jdk/Contents/Home/jre/lib/ext/cldrdata.jar:/Library/Java/JavaVirtualMachines/jdk1.8.0_40.jdk/Contents/Home/jre/lib/ext/dnsns.jar:/Library/Java/JavaVirtualMachines/jdk1.8.0_40.jdk/Contents/Home/jre/lib/ext/jfxrt.jar:/Library/Java/JavaVirtualMachines/jdk1.8.0_40.jdk/Contents/Home/jre/lib/ext/localedata.jar:/Library/Java/JavaVirtualMachines/jdk1.8.0_40.jdk/Contents/Home/jre/lib/ext/nashorn.jar:/Library/Java/JavaVirtualMachines/jdk1.8.0_40.jdk/Conten
Launcher Type: SUN_STANDARD

Environment Variables:
PATH=/Users/LalinPethiyagoda/shell_scripting:/usr/local/Cellar/kafka/2.1.0/libexec/bin:/usr/local/bin:/usr/bin:/bin:/usr/sbin:/sbin:/Users/LalinPethiyagoda/shell_scripting
SHELL=/bin/zsh

Signal Handlers:
SIGSEGV: [libjvm.dylib+0x58ef95], sa_mask[0]=11111111011111110111111111111111, sa_flags=SA_ONSTACK|SA_RESTART|SA_SIGINFO
SIGBUS: [libjvm.dylib+0x58ef95], sa_mask[0]=11111111011111110111111111111111, sa_flags=SA_RESTART|SA_SIGINFO
SIGFPE: [libjvm.dylib+0x46c118], sa_mask[0]=11111111011111110111111111111111, sa_flags=SA_RESTART|SA_SIGINFO
SIGPIPE: [libjvm.dylib+0x46c118], sa_mask[0]=11111111011111110111111111111111, sa_flags=SA_RESTART|SA_SIGINFO
SIGXFSZ: [libjvm.dylib+0x46c118], sa_mask[0]=11111111011111110111111111111111, sa_flags=SA_RESTART|SA_SIGINFO
SIGILL: [libjvm.dylib+0x46c118], sa_mask[0]=11111111011111110111111111111111, sa_flags=SA_RESTART|SA_SIGINFO
SIGUSR1: SIG_DFL, sa_mask[0]=00000000000000000000000000000000, sa_flags=none
SIGUSR2: [libjvm.dylib+0x46bc36], sa_mask[0]=00100000000000000000000000000000, sa_flags=SA_RESTART|SA_SIGINFO
SIGHUP: [libjvm.dylib+0x46a209], sa_mask[0]=11111111011111110111111111111111, sa_flags=SA_RESTART|SA_SIGINFO
SIGINT: [libjvm.dylib+0x46a209], sa_mask[0]=11111111011111110111111111111111, sa_flags=SA_RESTART|SA_SIGINFO
SIGTERM: [libjvm.dylib+0x46a209], sa_mask[0]=11111111011111110111111111111111, sa_flags=SA_RESTART|SA_SIGINFO
SIGQUIT: [libjvm.dylib+0x46a209], sa_mask[0]=11111111011111110111111111111111, sa_flags=SA_RESTART|SA_SIGINFO


---------------  S Y S T E M  ---------------

OS:Bsduname:Darwin 17.3.0 Darwin Kernel Version 17.3.0: Thu Nov  9 18:09:22 PST 2017; root:xnu-4570.31.3~1/RELEASE_X86_64 x86_64
rlimit: STACK 8192k, CORE 0k, NPROC 709, NOFILE 10240, AS infinity
load average:3.18 3.28 3.40

CPU:total 4 (2 cores per cpu, 2 threads per core) family 6 model 61 stepping 4, cmov, cx8, fxsr, mmx, sse, sse2, sse3, ssse3, sse4.1, sse4.2, popcnt, avx, avx2, aes, clmul, erms, 3dnowpref, lzcnt, ht, tsc, tscinvbit, bmi1, bmi2, adx

Memory: 4k page, physical 8388608k(236972k free)

/proc/meminfo:


vm_info: Java HotSpot(TM) 64-Bit Server VM (25.40-b25) for bsd-amd64 JRE (1.8.0_40-b27), built on Mar 13 2015 04:46:52 by "java_re" with gcc 4.2.1 (Based on Apple Inc. build 5658) (LLVM build 2336.11.00)

time: Thu Feb 14 23:20:28 2019
elapsed time: 3833 seconds (0d 1h 3m 53s)

