#
# A fatal error has been detected by the Java Runtime Environment:
#
#  SIGSEGV (0xb) at pc=0x0000000102c32d20, pid=62977, tid=14343
#
# JRE version: Java(TM) SE Runtime Environment (8.0_40-b27) (build 1.8.0_40-b27)
# Java VM: Java HotSpot(TM) 64-Bit Server VM (25.40-b25 mixed mode bsd-amd64 compressed oops)
# Problematic frame:
# V  [libjvm.dylib+0x432d20]
#
# Failed to write core dump. Core dumps have been disabled. To enable core dumping, try "ulimit -c unlimited" before starting Java again
#
# If you would like to submit a bug report, please visit:
#   http://bugreport.java.com/bugreport/crash.jsp
#

---------------  T H R E A D  ---------------

Current thread (0x00007fe0ce807000):  JavaThread "JDWP Transport Listener: dt_socket" daemon [_thread_in_vm, id=14343, stack(0x0000700003ab5000,0x0000700003bb5000)]

siginfo: si_signo: 11 (SIGSEGV), si_code: 0 (unknown), si_addr: 0x0000000000000000

Registers:
RAX=0x0000000000000001, RBX=0x0000700003bb4a8b, RCX=0x0000000102ffa190, RDX=0x0000700003bb4a8b
RSP=0x0000700003bb49d0, RBP=0x0000700003bb49e0, RSI=0x00007fe0ce807000, RDI=0x4872657672655370
R8 =0x0000000000000000, R9 =0x00007fe0ccc64860, R10=0x000007fe0ccc5ee1, R11=0x0000000000000001
R12=0x00007fe0ce807000, R13=0x4872657672655370, R14=0x4872657672655370, R15=0x00007fe0ccf01d90
RIP=0x0000000102c32d20, EFLAGS=0x0000000000010202, ERR=0x0000000000000000
  TRAPNO=0x000000000000000d

Top of Stack: (sp=0x0000700003bb49d0)
0x0000700003bb49d0:   0000700003bb4a8b 0000700003bb4a8b
0x0000700003bb49e0:   0000700003bb4a40 0000000102b4311a
0x0000700003bb49f0:   00007fe0ce807000 0000000000000000
0x0000700003bb4a00:   0000000000000000 0000000000000000
0x0000700003bb4a10:   00007fe0ce807000 00007fe0ce807000
0x0000700003bb4a20:   0000700003bb4a8b 0000700003bb4a90
0x0000700003bb4a30:   4872657672655370 0000000000000004
0x0000700003bb4a40:   0000700003bb4a60 00000001037be780
0x0000700003bb4a50:   0000000000000001 0000700003bb4b08
0x0000700003bb4a60:   0000700003bb4ad0 00000001037a31f3
0x0000700003bb4a70:   0000700003bb4aa0 00007fe0ccc63a70
0x0000700003bb4a80:   0000000500000032 0000000800bb4b08
0x0000700003bb4a90:   0000000000000000 0000000000000000
0x0000700003bb4aa0:   0000000000000000 0000700003bb4c90
0x0000700003bb4ab0:   00000001037c5e7a 00007fe0ccd70270
0x0000700003bb4ac0:   0000700003bb4b08 00000001037d1598
0x0000700003bb4ad0:   0000700003bb4ae0 00000001037a32ec
0x0000700003bb4ae0:   0000700003bb4d00 00000001037ac898
0x0000700003bb4af0:   0000646b00000013 00000000000f0200
0x0000700003bb4b00:   00007fe0ccd742a0 0000700003bb4c47
0x0000700003bb4b10:   00007fe00000003d 0000700003bb4b20
0x0000700003bb4b20:   00007fe0000000ef 0000700003bb4b58
0x0000700003bb4b30:   0000000000000000 0000000000000000
0x0000700003bb4b40:   0000646b0000000f 0000000000000080
0x0000700003bb4b50:   0000700003bb4b58 e07f000005000000
0x0000700003bb4b60:   0b000000d848c2cc 736e617254746567
0x0000700003bb4b70:   282a000000726566 65646e752f6f694c
0x0000700003bb4b80:   7265732f776f7472 707474482f726576
0x0000700003bb4b90:   7845726576726553 293b65676e616863
0x0000700003bb4ba0:   0000000000000056 10e8cce07f000009
0x0000700003bb4bb0:   536f740800000088 000000676e697274
0x0000700003bb4bc0:   2f6176616a4c2829 7475706e492f6f69 

Instructions: (pc=0x0000000102c32d20)
0x0000000102c32d00:   40 48 48 85 c0 75 e0 30 c0 0f b6 c0 5d c3 31 c0
0x0000000102c32d10:   5d c3 55 48 89 e5 53 48 83 ec 08 48 85 ff 74 24
0x0000000102c32d20:   48 8b 1f 48 85 db 74 1c 48 83 fb 37 74 16 48 8b
0x0000000102c32d30:   03 48 89 df ff 50 10 84 c0 b8 00 00 00 00 48 0f 

Register to memory mapping:

RAX=0x0000000000000001 is an unknown value
RBX=0x0000700003bb4a8b is pointing into the stack for thread: 0x00007fe0ce807000
RCX=0x0000000102ffa190: UseMembar+0 in /Library/Java/JavaVirtualMachines/jdk1.8.0_40.jdk/Contents/Home/jre/lib/server/libjvm.dylib at 0x0000000102800000
RDX=0x0000700003bb4a8b is pointing into the stack for thread: 0x00007fe0ce807000
RSP=0x0000700003bb49d0 is pointing into the stack for thread: 0x00007fe0ce807000
RBP=0x0000700003bb49e0 is pointing into the stack for thread: 0x00007fe0ce807000
RSI=0x00007fe0ce807000 is a thread
RDI=0x4872657672655370 is an unknown value
R8 =0x0000000000000000 is an unknown value
R9 =0x00007fe0ccc64860 is an unknown value
R10=0x000007fe0ccc5ee1 is an unknown value
R11=0x0000000000000001 is an unknown value
R12=0x00007fe0ce807000 is a thread
R13=0x4872657672655370 is an unknown value
R14=0x4872657672655370 is an unknown value
R15=0x00007fe0ccf01d90 is an unknown value


Stack: [0x0000700003ab5000,0x0000700003bb5000],  sp=0x0000700003bb49d0,  free space=1022k
Native frames: (J=compiled Java code, j=interpreted, Vv=VM code, C=native code)
V  [libjvm.dylib+0x432d20]
V  [libjvm.dylib+0x34311a]
C  [libjdwp.dylib+0x20780]  isMethodSynthetic+0x63
C  [libjdwp.dylib+0x51f3]  methods1+0x10b
C  [libjdwp.dylib+0x52ec]  methodsWithGeneric+0xe
C  [libjdwp.dylib+0xe898]  debugLoop_run+0x1ce
C  [libjdwp.dylib+0x1f6ba]  attachThread+0x4d
V  [libjvm.dylib+0x384060]
V  [libjvm.dylib+0x549acf]
V  [libjvm.dylib+0x54b1c0]
V  [libjvm.dylib+0x46ea8e]
C  [libsystem_pthread.dylib+0x36c1]  _pthread_body+0x154
C  [libsystem_pthread.dylib+0x356d]  _pthread_body+0x0
C  [libsystem_pthread.dylib+0x2c5d]  thread_start+0xd
C  0x0000000000000000


---------------  P R O C E S S  ---------------

Java Threads: ( => current thread )
  0x00007fe0cd157800 JavaThread "DestroyJavaVM" [_thread_blocked, id=9731, stack(0x000070000319a000,0x000070000329a000)]
  0x00007fe0ce9d8000 JavaThread "XNIO-1 Accept" [_thread_in_native, id=22275, stack(0x00007000046d9000,0x00007000047d9000)]
  0x00007fe0cda00000 JavaThread "XNIO-1 I/O-4" [_thread_in_native, id=22019, stack(0x00007000045d6000,0x00007000046d6000)]
  0x00007fe0ce9de000 JavaThread "XNIO-1 I/O-3" [_thread_in_native, id=21763, stack(0x00007000044d3000,0x00007000045d3000)]
  0x00007fe0cd9d1800 JavaThread "XNIO-1 I/O-2" [_thread_in_native, id=16899, stack(0x00007000043d0000,0x00007000044d0000)]
  0x00007fe0ce147000 JavaThread "XNIO-1 I/O-1" [_thread_in_native, id=17667, stack(0x00007000042cd000,0x00007000043cd000)]
  0x00007fe0ce0a6000 JavaThread "Service Thread" daemon [_thread_blocked, id=16131, stack(0x00007000040c7000,0x00007000041c7000)]
  0x00007fe0ce075800 JavaThread "C1 CompilerThread2" daemon [_thread_blocked, id=18435, stack(0x0000700003fc4000,0x00007000040c4000)]
  0x00007fe0cd0a4800 JavaThread "C2 CompilerThread1" daemon [_thread_blocked, id=18691, stack(0x0000700003ec1000,0x0000700003fc1000)]
  0x00007fe0cd873800 JavaThread "C2 CompilerThread0" daemon [_thread_blocked, id=15363, stack(0x0000700003dbe000,0x0000700003ebe000)]
  0x00007fe0ce809000 JavaThread "JDWP Command Reader" daemon [_thread_in_native, id=15107, stack(0x0000700003cbb000,0x0000700003dbb000)]
  0x00007fe0ce01a800 JavaThread "JDWP Event Helper Thread" daemon [_thread_blocked, id=19203, stack(0x0000700003bb8000,0x0000700003cb8000)]
=>0x00007fe0ce807000 JavaThread "JDWP Transport Listener: dt_socket" daemon [_thread_in_vm, id=14343, stack(0x0000700003ab5000,0x0000700003bb5000)]
  0x00007fe0cd029800 JavaThread "Signal Dispatcher" daemon [_thread_blocked, id=19463, stack(0x00007000039b2000,0x0000700003ab2000)]
  0x00007fe0ce802800 JavaThread "Finalizer" daemon [_thread_blocked, id=20739, stack(0x00007000038af000,0x00007000039af000)]
  0x00007fe0ce023800 JavaThread "Reference Handler" daemon [_thread_blocked, id=11523, stack(0x00007000037ac000,0x00007000038ac000)]

Other Threads:
  0x00007fe0cd027000 VMThread [stack: 0x00007000036a9000,0x00007000037a9000] [id=11267]
  0x00007fe0cd013800 WatcherThread [stack: 0x00007000041ca000,0x00007000042ca000] [id=16387]

VM state:not at safepoint (normal execution)

VM Mutex/Monitor currently owned by a thread: None

Heap:
 PSYoungGen      total 38400K, used 30209K [0x0000000795580000, 0x0000000798000000, 0x00000007c0000000)
  eden space 33280K, 90% used [0x0000000795580000,0x0000000797300660,0x0000000797600000)
  from space 5120K, 0% used [0x0000000797b00000,0x0000000797b00000,0x0000000798000000)
  to   space 5120K, 0% used [0x0000000797600000,0x0000000797600000,0x0000000797b00000)
 ParOldGen       total 87552K, used 0K [0x0000000740000000, 0x0000000745580000, 0x0000000795580000)
  object space 87552K, 0% used [0x0000000740000000,0x0000000740000000,0x0000000745580000)
 Metaspace       used 10367K, capacity 10564K, committed 10752K, reserved 1058816K
  class space    used 1176K, capacity 1240K, committed 1280K, reserved 1048576K

Card table byte_map: [0x0000000103c2b000,0x000000010402c000] byte_map_base: 0x000000010022b000

Marking Bits: (ParMarkBitMap*) 0x00000001030c27a0
 Begin Bits: [0x0000000116088000, 0x0000000118088000)
 End Bits:   [0x0000000118088000, 0x000000011a088000)

Polling page: 0x0000000101fd3000

CodeCache: size=245760Kb used=3345Kb max_used=3345Kb free=242414Kb
 bounds [0x0000000107088000, 0x00000001073d8000, 0x0000000116088000]
 total_blobs=1208 nmethods=859 adapters=271
 compilation: enabled

Compilation events (10 events):
Event: 2622.414 Thread 0x00007fe0ce075800  855       3       io.undertow.server.HttpServerExchange$ReadDispatchChannel::isFinished (14 bytes)
Event: 2622.414 Thread 0x00007fe0ce075800 nmethod 855 0x00000001073cb750 code [0x00000001073cb8c0, 0x00000001073cbaf0]
Event: 2622.414 Thread 0x00007fe0ce075800  856  s    1       java.lang.StringBuffer::length (5 bytes)
Event: 2622.414 Thread 0x00007fe0ce075800 nmethod 856 0x00000001073cbbd0 code [0x00000001073cbd20, 0x00000001073cbf90]
Event: 2622.415 Thread 0x00007fe0ce075800  857       3       org.jboss.logging.Log4jLogger::translate (80 bytes)
Event: 2622.415 Thread 0x00007fe0ce075800 nmethod 857 0x00000001073cc010 code [0x00000001073cc1a0, 0x00000001073cc490]
Event: 2622.415 Thread 0x00007fe0ce075800  858       3       org.apache.log4j.Category::isEnabledFor (27 bytes)
Event: 2622.415 Thread 0x00007fe0ce075800 nmethod 858 0x00000001073cc590 code [0x00000001073cc740, 0x00000001073ccd10]
Event: 2623.060 Thread 0x00007fe0ce075800  859       3       org.jboss.logging.Log4jLogger::isEnabled (36 bytes)
Event: 2623.061 Thread 0x00007fe0ce075800 nmethod 859 0x00000001073ccf50 code [0x00000001073cd140, 0x00000001073cdc08]

GC Heap History (0 events):
No events

Deoptimization events (4 events):
Event: 0.693 Thread 0x00007fe0ce000800 Uncommon trap: reason=unstable_if action=reinterpret pc=0x0000000107285968 method=java.lang.String.indexOf([CII[CIII)I @ 3
Event: 0.755 Thread 0x00007fe0ce000800 Uncommon trap: reason=unstable_if action=reinterpret pc=0x00000001072c35e8 method=sun.misc.MetaIndex.mayContain(Ljava/lang/String;)Z @ 38
Event: 0.925 Thread 0x00007fe0ce000800 Uncommon trap: reason=unstable_if action=reinterpret pc=0x00000001073146f4 method=java.util.HashMap.getNode(ILjava/lang/Object;)Ljava/util/HashMap$Node; @ 62
Event: 0.925 Thread 0x00007fe0ce000800 Uncommon trap: reason=unstable_if action=reinterpret pc=0x0000000107302d34 method=java.util.HashMap.getNode(ILjava/lang/Object;)Ljava/util/HashMap$Node; @ 62

Internal exceptions (10 events):
Event: 0.957 Thread 0x00007fe0ce000800 Exception <a 'java/lang/ArrayIndexOutOfBoundsException'> (0x0000000796723ad8) thrown at [/Users/java_re/workspace/8-2-build-macosx-x86_64/jdk8u40/3153/hotspot/src/share/vm/runtime/sharedRuntime.cpp, line 605]
Event: 0.972 Thread 0x00007fe0ce000800 Exception <a 'java/lang/ArrayIndexOutOfBoundsException'> (0x000000079674ffe8) thrown at [/Users/java_re/workspace/8-2-build-macosx-x86_64/jdk8u40/3153/hotspot/src/share/vm/runtime/sharedRuntime.cpp, line 605]
Event: 0.981 Thread 0x00007fe0ce000800 Exception <a 'java/lang/ArrayIndexOutOfBoundsException'> (0x000000079676a8e0) thrown at [/Users/java_re/workspace/8-2-build-macosx-x86_64/jdk8u40/3153/hotspot/src/share/vm/runtime/sharedRuntime.cpp, line 605]
Event: 418.692 Thread 0x00007fe0ce9de000 Exception <a 'java/io/IOException'> (0x0000000797245c60) thrown at [/Users/java_re/workspace/8-2-build-macosx-x86_64/jdk8u40/3153/hotspot/src/share/vm/prims/jni.cpp, line 709]
Event: 670.321 Thread 0x00007fe0ce147000 Exception <a 'java/lang/NullPointerException'> (0x0000000796941ed0) thrown at [/Users/java_re/workspace/8-2-build-macosx-x86_64/jdk8u40/3153/hotspot/src/share/vm/interpreter/linkResolver.cpp, line 1178]
Event: 974.755 Thread 0x00007fe0cda00000 Exception <a 'java/lang/NullPointerException'> (0x0000000796b46f40) thrown at [/Users/java_re/workspace/8-2-build-macosx-x86_64/jdk8u40/3153/hotspot/src/share/vm/interpreter/linkResolver.cpp, line 1178]
Event: 1018.393 Thread 0x00007fe0cd9d1800 Exception <a 'java/lang/NullPointerException'> (0x00000007969f3c38) thrown at [/Users/java_re/workspace/8-2-build-macosx-x86_64/jdk8u40/3153/hotspot/src/share/vm/interpreter/linkResolver.cpp, line 1178]
Event: 1106.970 Thread 0x00007fe0cd9d1800 Exception <a 'java/lang/NullPointerException'> (0x0000000796a05a28) thrown at [/Users/java_re/workspace/8-2-build-macosx-x86_64/jdk8u40/3153/hotspot/src/share/vm/interpreter/linkResolver.cpp, line 1178]
Event: 1231.223 Thread 0x00007fe0cda00000 Exception <a 'java/lang/NullPointerException'> (0x0000000796b5a2f0) thrown at [/Users/java_re/workspace/8-2-build-macosx-x86_64/jdk8u40/3153/hotspot/src/share/vm/interpreter/linkResolver.cpp, line 1178]
Event: 2622.402 Thread 0x00007fe0ce9de000 Exception <a 'java/lang/NullPointerException'> (0x000000079724b910) thrown at [/Users/java_re/workspace/8-2-build-macosx-x86_64/jdk8u40/3153/hotspot/src/share/vm/interpreter/linkResolver.cpp, line 1178]

Events (10 events):
Event: 3385.755 Executing VM operation: ChangeBreakpoints
Event: 3385.755 Executing VM operation: ChangeBreakpoints done
Event: 3441.487 Executing VM operation: ChangeBreakpoints
Event: 3441.487 Executing VM operation: ChangeBreakpoints done
Event: 3441.487 Executing VM operation: ChangeBreakpoints
Event: 3441.488 Executing VM operation: ChangeBreakpoints done
Event: 3441.498 Executing VM operation: RedefineClasses
Event: 3441.519 Executing VM operation: RedefineClasses done
Event: 3441.561 Executing VM operation: ChangeBreakpoints
Event: 3441.563 Executing VM operation: ChangeBreakpoints done


Dynamic libraries:
0x000000001b375000 	/System/Library/Frameworks/Cocoa.framework/Versions/A/Cocoa
0x000000001b375000 	/System/Library/Frameworks/Security.framework/Versions/A/Security
0x000000001b375000 	/System/Library/Frameworks/ApplicationServices.framework/Versions/A/ApplicationServices
0x000000001b375000 	/usr/lib/libz.1.dylib
0x000000001b375000 	/usr/lib/libSystem.B.dylib
0x000000001b375000 	/usr/lib/libobjc.A.dylib
0x000000001b375000 	/System/Library/Frameworks/CoreFoundation.framework/Versions/A/CoreFoundation
0x000000001b375000 	/System/Library/Frameworks/Foundation.framework/Versions/C/Foundation
0x000000001b375000 	/System/Library/Frameworks/AppKit.framework/Versions/C/AppKit
0x000000001b375000 	/System/Library/Frameworks/CoreData.framework/Versions/A/CoreData
0x000000001b375000 	/System/Library/PrivateFrameworks/RemoteViewServices.framework/Versions/A/RemoteViewServices
0x000000001b375000 	/System/Library/PrivateFrameworks/UIFoundation.framework/Versions/A/UIFoundation
0x000000001b375000 	/System/Library/PrivateFrameworks/DFRFoundation.framework/Versions/A/DFRFoundation
0x000000001b375000 	/System/Library/Frameworks/Metal.framework/Versions/A/Metal
0x000000001b375000 	/System/Library/PrivateFrameworks/DesktopServicesPriv.framework/Versions/A/DesktopServicesPriv
0x000000001b375000 	/usr/lib/libenergytrace.dylib
0x000000001b375000 	/System/Library/PrivateFrameworks/SkyLight.framework/Versions/A/SkyLight
0x000000001b375000 	/System/Library/Frameworks/CoreGraphics.framework/Versions/A/CoreGraphics
0x000000001b375000 	/usr/lib/libScreenReader.dylib
0x000000001b375000 	/System/Library/Frameworks/Accelerate.framework/Versions/A/Accelerate
0x000000001b375000 	/System/Library/Frameworks/IOSurface.framework/Versions/A/IOSurface
0x000000001b375000 	/System/Library/Frameworks/AudioToolbox.framework/Versions/A/AudioToolbox
0x000000001b375000 	/System/Library/Frameworks/AudioUnit.framework/Versions/A/AudioUnit
0x000000001b375000 	/System/Library/PrivateFrameworks/DataDetectorsCore.framework/Versions/A/DataDetectorsCore
0x000000001b375000 	/System/Library/Frameworks/Carbon.framework/Versions/A/Frameworks/HIToolbox.framework/Versions/A/HIToolbox
0x000000001b375000 	/usr/lib/libicucore.A.dylib
0x000000001b375000 	/System/Library/Frameworks/QuartzCore.framework/Versions/A/QuartzCore
0x000000001b375000 	/System/Library/Frameworks/Carbon.framework/Versions/A/Frameworks/SpeechRecognition.framework/Versions/A/SpeechRecognition
0x000000001b375000 	/usr/lib/libauto.dylib
0x000000001b375000 	/usr/lib/libxml2.2.dylib
0x000000001b375000 	/System/Library/PrivateFrameworks/CoreUI.framework/Versions/A/CoreUI
0x000000001b375000 	/System/Library/Frameworks/CoreAudio.framework/Versions/A/CoreAudio
0x000000001b375000 	/System/Library/Frameworks/DiskArbitration.framework/Versions/A/DiskArbitration
0x000000001b375000 	/usr/lib/liblangid.dylib
0x000000001b375000 	/System/Library/PrivateFrameworks/MultitouchSupport.framework/Versions/A/MultitouchSupport
0x000000001b375000 	/System/Library/Frameworks/IOKit.framework/Versions/A/IOKit
0x000000001b375000 	/usr/lib/libDiagnosticMessagesClient.dylib
0x000000001b375000 	/System/Library/Frameworks/CoreServices.framework/Versions/A/CoreServices
0x000000001b375000 	/System/Library/PrivateFrameworks/PerformanceAnalysis.framework/Versions/A/PerformanceAnalysis
0x000000001b375000 	/System/Library/Frameworks/OpenGL.framework/Versions/A/OpenGL
0x000000001b375000 	/System/Library/Frameworks/ColorSync.framework/Versions/A/ColorSync
0x000000001b375000 	/System/Library/Frameworks/CoreImage.framework/Versions/A/CoreImage
0x000000001b375000 	/System/Library/Frameworks/CoreText.framework/Versions/A/CoreText
0x000000001b375000 	/System/Library/Frameworks/ImageIO.framework/Versions/A/ImageIO
0x000000001b375000 	/System/Library/PrivateFrameworks/Backup.framework/Versions/A/Backup
0x000000001b375000 	/usr/lib/libarchive.2.dylib
0x000000001b375000 	/System/Library/Frameworks/CFNetwork.framework/Versions/A/CFNetwork
0x000000001b375000 	/System/Library/Frameworks/SystemConfiguration.framework/Versions/A/SystemConfiguration
0x000000001b375000 	/usr/lib/libCRFSuite.dylib
0x000000001b375000 	/usr/lib/libc++.1.dylib
0x000000001b375000 	/usr/lib/libc++abi.dylib
0x000000001b375000 	/usr/lib/system/libcache.dylib
0x000000001b375000 	/usr/lib/system/libcommonCrypto.dylib
0x000000001b375000 	/usr/lib/system/libcompiler_rt.dylib
0x000000001b375000 	/usr/lib/system/libcopyfile.dylib
0x000000001b375000 	/usr/lib/system/libcorecrypto.dylib
0x000000001b375000 	/usr/lib/system/libdispatch.dylib
0x000000001b375000 	/usr/lib/system/libdyld.dylib
0x000000001b375000 	/usr/lib/system/libkeymgr.dylib
0x000000001b375000 	/usr/lib/system/liblaunch.dylib
0x000000001b375000 	/usr/lib/system/libmacho.dylib
0x000000001b375000 	/usr/lib/system/libquarantine.dylib
0x000000001b375000 	/usr/lib/system/libremovefile.dylib
0x000000001b375000 	/usr/lib/system/libsystem_asl.dylib
0x000000001b375000 	/usr/lib/system/libsystem_blocks.dylib
0x000000001b375000 	/usr/lib/system/libsystem_c.dylib
0x000000001b375000 	/usr/lib/system/libsystem_configuration.dylib
0x000000001b375000 	/usr/lib/system/libsystem_coreservices.dylib
0x000000001b375000 	/usr/lib/system/libsystem_darwin.dylib
0x000000001b375000 	/usr/lib/system/libsystem_dnssd.dylib
0x000000001b375000 	/usr/lib/system/libsystem_info.dylib
0x000000001b375000 	/usr/lib/system/libsystem_m.dylib
0x000000001b375000 	/usr/lib/system/libsystem_malloc.dylib
0x000000001b375000 	/usr/lib/system/libsystem_network.dylib
0x000000001b375000 	/usr/lib/system/libsystem_networkextension.dylib
0x000000001b375000 	/usr/lib/system/libsystem_notify.dylib
0x000000001b375000 	/usr/lib/system/libsystem_sandbox.dylib
0x000000001b375000 	/usr/lib/system/libsystem_secinit.dylib
0x000000001b375000 	/usr/lib/system/libsystem_kernel.dylib
0x000000001b375000 	/usr/lib/system/libsystem_platform.dylib
0x000000001b375000 	/usr/lib/system/libsystem_pthread.dylib
0x000000001b375000 	/usr/lib/system/libsystem_symptoms.dylib
0x000000001b375000 	/usr/lib/system/libsystem_trace.dylib
0x000000001b375000 	/usr/lib/system/libunwind.dylib
0x000000001b375000 	/usr/lib/system/libxpc.dylib
0x000000001b375000 	/usr/lib/closure/libclosured.dylib
0x000000001b375000 	/usr/lib/libbsm.0.dylib
0x000000001b375000 	/usr/lib/system/libkxld.dylib
0x000000001b375000 	/usr/lib/libOpenScriptingUtil.dylib
0x000000001b375000 	/usr/lib/libcoretls.dylib
0x000000001b375000 	/usr/lib/libcoretls_cfhelpers.dylib
0x000000001b375000 	/usr/lib/libpam.2.dylib
0x000000001b375000 	/usr/lib/libsqlite3.dylib
0x000000001b375000 	/usr/lib/libxar.1.dylib
0x000000001b375000 	/usr/lib/libbz2.1.0.dylib
0x000000001b375000 	/usr/lib/liblzma.5.dylib
0x000000001b375000 	/usr/lib/libnetwork.dylib
0x000000001b375000 	/usr/lib/libapple_nghttp2.dylib
0x000000001b375000 	/usr/lib/libpcap.A.dylib
0x000000001b375000 	/usr/lib/libboringssl.dylib
0x000000001b375000 	/usr/lib/libusrtcp.dylib
0x000000001b375000 	/usr/lib/libapple_crypto.dylib
0x000000001b375000 	/System/Library/Frameworks/CoreServices.framework/Versions/A/Frameworks/FSEvents.framework/Versions/A/FSEvents
0x000000001b375000 	/System/Library/Frameworks/CoreServices.framework/Versions/A/Frameworks/CarbonCore.framework/Versions/A/CarbonCore
0x000000001b375000 	/System/Library/Frameworks/CoreServices.framework/Versions/A/Frameworks/Metadata.framework/Versions/A/Metadata
0x000000001b375000 	/System/Library/Frameworks/CoreServices.framework/Versions/A/Frameworks/OSServices.framework/Versions/A/OSServices
0x000000001b375000 	/System/Library/Frameworks/CoreServices.framework/Versions/A/Frameworks/SearchKit.framework/Versions/A/SearchKit
0x000000001b375000 	/System/Library/Frameworks/CoreServices.framework/Versions/A/Frameworks/AE.framework/Versions/A/AE
0x000000001b375000 	/System/Library/Frameworks/CoreServices.framework/Versions/A/Frameworks/LaunchServices.framework/Versions/A/LaunchServices
0x000000001b375000 	/System/Library/Frameworks/CoreServices.framework/Versions/A/Frameworks/DictionaryServices.framework/Versions/A/DictionaryServices
0x000000001b375000 	/System/Library/Frameworks/CoreServices.framework/Versions/A/Frameworks/SharedFileList.framework/Versions/A/SharedFileList
0x000000001b375000 	/System/Library/Frameworks/NetFS.framework/Versions/A/NetFS
0x000000001b375000 	/System/Library/PrivateFrameworks/NetAuth.framework/Versions/A/NetAuth
0x000000001b375000 	/System/Library/PrivateFrameworks/login.framework/Versions/A/Frameworks/loginsupport.framework/Versions/A/loginsupport
0x000000001b375000 	/System/Library/PrivateFrameworks/TCC.framework/Versions/A/TCC
0x000000001b375000 	/usr/lib/libmecabra.dylib
0x000000001b375000 	/System/Library/Frameworks/ApplicationServices.framework/Versions/A/Frameworks/ATS.framework/Versions/A/ATS
0x000000001b375000 	/System/Library/Frameworks/ApplicationServices.framework/Versions/A/Frameworks/ColorSyncLegacy.framework/Versions/A/ColorSyncLegacy
0x000000001b375000 	/System/Library/Frameworks/ApplicationServices.framework/Versions/A/Frameworks/HIServices.framework/Versions/A/HIServices
0x000000001b375000 	/System/Library/Frameworks/ApplicationServices.framework/Versions/A/Frameworks/LangAnalysis.framework/Versions/A/LangAnalysis
0x000000001b375000 	/System/Library/Frameworks/ApplicationServices.framework/Versions/A/Frameworks/PrintCore.framework/Versions/A/PrintCore
0x000000001b375000 	/System/Library/Frameworks/ApplicationServices.framework/Versions/A/Frameworks/QD.framework/Versions/A/QD
0x000000001b375000 	/System/Library/Frameworks/ApplicationServices.framework/Versions/A/Frameworks/SpeechSynthesis.framework/Versions/A/SpeechSynthesis
0x000000001b375000 	/System/Library/Frameworks/CoreDisplay.framework/Versions/A/CoreDisplay
0x000000001b375000 	/System/Library/Frameworks/Accelerate.framework/Versions/A/Frameworks/vImage.framework/Versions/A/vImage
0x000000001b375000 	/System/Library/Frameworks/Accelerate.framework/Versions/A/Frameworks/vecLib.framework/Versions/A/vecLib
0x000000001b375000 	/System/Library/Frameworks/Accelerate.framework/Versions/A/Frameworks/vecLib.framework/Versions/A/libvDSP.dylib
0x000000001b375000 	/System/Library/Frameworks/Accelerate.framework/Versions/A/Frameworks/vecLib.framework/Versions/A/libBNNS.dylib
0x000000001b375000 	/System/Library/Frameworks/Accelerate.framework/Versions/A/Frameworks/vecLib.framework/Versions/A/libQuadrature.dylib
0x000000001b375000 	/System/Library/Frameworks/Accelerate.framework/Versions/A/Frameworks/vecLib.framework/Versions/A/libvMisc.dylib
0x000000001b375000 	/System/Library/Frameworks/Accelerate.framework/Versions/A/Frameworks/vecLib.framework/Versions/A/libLAPACK.dylib
0x000000001b375000 	/System/Library/Frameworks/Accelerate.framework/Versions/A/Frameworks/vecLib.framework/Versions/A/libBLAS.dylib
0x000000001b375000 	/System/Library/Frameworks/Accelerate.framework/Versions/A/Frameworks/vecLib.framework/Versions/A/libLinearAlgebra.dylib
0x000000001b375000 	/System/Library/Frameworks/Accelerate.framework/Versions/A/Frameworks/vecLib.framework/Versions/A/libSparse.dylib
0x000000001b375000 	/System/Library/Frameworks/Accelerate.framework/Versions/A/Frameworks/vecLib.framework/Versions/A/libSparseBLAS.dylib
0x000000001b375000 	/System/Library/PrivateFrameworks/IOAccelerator.framework/Versions/A/IOAccelerator
0x000000001b375000 	/System/Library/PrivateFrameworks/IOPresentment.framework/Versions/A/IOPresentment
0x000000001b375000 	/System/Library/PrivateFrameworks/DSExternalDisplay.framework/Versions/A/DSExternalDisplay
0x000000001b375000 	/System/Library/Frameworks/OpenGL.framework/Versions/A/Libraries/libCoreFSCache.dylib
0x000000001b375000 	/System/Library/Frameworks/CoreVideo.framework/Versions/A/CoreVideo
0x000000001b375000 	/System/Library/PrivateFrameworks/GraphVisualizer.framework/Versions/A/GraphVisualizer
0x000000001b375000 	/System/Library/Frameworks/MetalPerformanceShaders.framework/Versions/A/MetalPerformanceShaders
0x000000001b375000 	/usr/lib/libFosl_dynamic.dylib
0x000000001b375000 	/System/Library/PrivateFrameworks/FaceCore.framework/Versions/A/FaceCore
0x000000001b375000 	/System/Library/Frameworks/OpenCL.framework/Versions/A/OpenCL
0x000000001b375000 	/usr/lib/libcompression.dylib
0x000000001b375000 	/System/Library/Frameworks/ApplicationServices.framework/Versions/A/Frameworks/ATS.framework/Versions/A/Resources/libFontParser.dylib
0x000000001b375000 	/System/Library/Frameworks/ApplicationServices.framework/Versions/A/Frameworks/ATS.framework/Versions/A/Resources/libFontRegistry.dylib
0x000000001b375000 	/System/Library/Frameworks/ImageIO.framework/Versions/A/Resources/libJPEG.dylib
0x000000001b375000 	/System/Library/Frameworks/ImageIO.framework/Versions/A/Resources/libTIFF.dylib
0x000000001b375000 	/System/Library/Frameworks/ImageIO.framework/Versions/A/Resources/libPng.dylib
0x000000001b375000 	/System/Library/Frameworks/ImageIO.framework/Versions/A/Resources/libGIF.dylib
0x000000001b375000 	/System/Library/Frameworks/ImageIO.framework/Versions/A/Resources/libJP2.dylib
0x000000001b375000 	/System/Library/Frameworks/ImageIO.framework/Versions/A/Resources/libRadiance.dylib
0x000000001b375000 	/System/Library/PrivateFrameworks/AppleJPEG.framework/Versions/A/AppleJPEG
0x000000001b375000 	/System/Library/PrivateFrameworks/MetalTools.framework/Versions/A/MetalTools
0x000000001b375000 	/System/Library/Frameworks/MetalPerformanceShaders.framework/Frameworks/MPSCore.framework/Versions/A/MPSCore
0x000000001b375000 	/System/Library/Frameworks/MetalPerformanceShaders.framework/Frameworks/MPSImage.framework/Versions/A/MPSImage
0x000000001b375000 	/System/Library/Frameworks/MetalPerformanceShaders.framework/Frameworks/MPSMatrix.framework/Versions/A/MPSMatrix
0x000000001b375000 	/System/Library/Frameworks/MetalPerformanceShaders.framework/Frameworks/MPSNeuralNetwork.framework/Versions/A/MPSNeuralNetwork
0x000000001b375000 	/System/Library/Frameworks/OpenGL.framework/Versions/A/Libraries/libGLU.dylib
0x000000001b375000 	/System/Library/Frameworks/OpenGL.framework/Versions/A/Libraries/libGFXShared.dylib
0x000000001b375000 	/System/Library/Frameworks/OpenGL.framework/Versions/A/Libraries/libGL.dylib
0x000000001b375000 	/System/Library/Frameworks/OpenGL.framework/Versions/A/Libraries/libGLImage.dylib
0x000000001b375000 	/System/Library/Frameworks/OpenGL.framework/Versions/A/Libraries/libCVMSPluginSupport.dylib
0x000000001b375000 	/System/Library/Frameworks/OpenGL.framework/Versions/A/Libraries/libCoreVMClient.dylib
0x000000001b375000 	/usr/lib/libcups.2.dylib
0x000000001b375000 	/System/Library/Frameworks/Kerberos.framework/Versions/A/Kerberos
0x000000001b375000 	/System/Library/Frameworks/GSS.framework/Versions/A/GSS
0x000000001b375000 	/usr/lib/libresolv.9.dylib
0x000000001b375000 	/usr/lib/libiconv.2.dylib
0x000000001b375000 	/System/Library/PrivateFrameworks/Heimdal.framework/Versions/A/Heimdal
0x000000001b375000 	/usr/lib/libheimdal-asn1.dylib
0x000000001b375000 	/System/Library/Frameworks/OpenDirectory.framework/Versions/A/OpenDirectory
0x000000001b375000 	/System/Library/PrivateFrameworks/CommonAuth.framework/Versions/A/CommonAuth
0x000000001b375000 	/System/Library/Frameworks/OpenDirectory.framework/Versions/A/Frameworks/CFOpenDirectory.framework/Versions/A/CFOpenDirectory
0x000000001b375000 	/System/Library/Frameworks/SecurityFoundation.framework/Versions/A/SecurityFoundation
0x000000001b375000 	/System/Library/PrivateFrameworks/APFS.framework/Versions/A/APFS
0x000000001b375000 	/usr/lib/libutil.dylib
0x000000001b375000 	/System/Library/PrivateFrameworks/AppleSauce.framework/Versions/A/AppleSauce
0x000000001b375000 	/System/Library/PrivateFrameworks/LinguisticData.framework/Versions/A/LinguisticData
0x000000001b375000 	/usr/lib/libmarisa.dylib
0x000000001b375000 	/System/Library/PrivateFrameworks/Lexicon.framework/Versions/A/Lexicon
0x000000001b375000 	/usr/lib/libChineseTokenizer.dylib
0x000000001b375000 	/usr/lib/libcmph.dylib
0x000000001b375000 	/System/Library/PrivateFrameworks/LanguageModeling.framework/Versions/A/LanguageModeling
0x000000001b375000 	/System/Library/PrivateFrameworks/CoreEmoji.framework/Versions/A/CoreEmoji
0x000000001b375000 	/System/Library/Frameworks/ServiceManagement.framework/Versions/A/ServiceManagement
0x000000001b375000 	/System/Library/PrivateFrameworks/BackgroundTaskManagement.framework/Versions/A/BackgroundTaskManagement
0x000000001b375000 	/usr/lib/libxslt.1.dylib
0x000000001b375000 	/System/Library/Frameworks/Carbon.framework/Versions/A/Frameworks/Ink.framework/Versions/A/Ink
0x000000001b375000 	/System/Library/PrivateFrameworks/TextureIO.framework/Versions/A/TextureIO
0x000000001b375000 	/usr/lib/libate.dylib
0x000000001b375000 	/System/Library/PrivateFrameworks/CrashReporterSupport.framework/Versions/A/CrashReporterSupport
0x000000001b375000 	/System/Library/PrivateFrameworks/Sharing.framework/Versions/A/Sharing
0x000000001b375000 	/System/Library/PrivateFrameworks/IconServices.framework/Versions/A/IconServices
0x000000001b375000 	/System/Library/PrivateFrameworks/ProtocolBuffer.framework/Versions/A/ProtocolBuffer
0x000000001b375000 	/System/Library/PrivateFrameworks/Apple80211.framework/Versions/A/Apple80211
0x000000001b375000 	/System/Library/Frameworks/CoreWLAN.framework/Versions/A/CoreWLAN
0x000000001b375000 	/System/Library/PrivateFrameworks/CoreUtils.framework/Versions/A/CoreUtils
0x000000001b375000 	/System/Library/Frameworks/IOBluetooth.framework/Versions/A/IOBluetooth
0x000000001b375000 	/System/Library/PrivateFrameworks/CoreWiFi.framework/Versions/A/CoreWiFi
0x000000001b375000 	/System/Library/Frameworks/CoreBluetooth.framework/Versions/A/CoreBluetooth
0x000000001b375000 	/System/Library/PrivateFrameworks/SignpostNotification.framework/Versions/A/SignpostNotification
0x000000001b375000 	/System/Library/PrivateFrameworks/DebugSymbols.framework/Versions/A/DebugSymbols
0x000000001b375000 	/System/Library/PrivateFrameworks/CoreSymbolication.framework/Versions/A/CoreSymbolication
0x000000001b375000 	/System/Library/PrivateFrameworks/Symbolication.framework/Versions/A/Symbolication
0x000000001b375000 	/System/Library/PrivateFrameworks/AppleFSCompression.framework/Versions/A/AppleFSCompression
0x000000001b375000 	/System/Library/PrivateFrameworks/SpeechRecognitionCore.framework/Versions/A/SpeechRecognitionCore
0x0000000102800000 	/Library/Java/JavaVirtualMachines/jdk1.8.0_40.jdk/Contents/Home/jre/lib/server/libjvm.dylib
0x000000001b375000 	/usr/lib/libstdc++.6.0.9.dylib
0x0000000101fc5000 	/Library/Java/JavaVirtualMachines/jdk1.8.0_40.jdk/Contents/Home/jre/lib/libverify.dylib
0x0000000103769000 	/Library/Java/JavaVirtualMachines/jdk1.8.0_40.jdk/Contents/Home/jre/lib/libjava.dylib
0x000000010379e000 	/Library/Java/JavaVirtualMachines/jdk1.8.0_40.jdk/Contents/Home/jre/lib/libjdwp.dylib
0x0000000101fd4000 	/Library/Java/JavaVirtualMachines/jdk1.8.0_40.jdk/Contents/Home/jre/lib/libnpt.dylib
0x0000000101fd8000 	/Library/Java/JavaVirtualMachines/jdk1.8.0_40.jdk/Contents/Home/jre/lib/libinstrument.dylib
0x0000000103862000 	/Library/Java/JavaVirtualMachines/jdk1.8.0_40.jdk/Contents/Home/jre/lib/libzip.dylib
0x000000001b375000 	/System/Library/Frameworks/JavaVM.framework/Versions/A/Frameworks/JavaRuntimeSupport.framework/Versions/A/JavaRuntimeSupport
0x000000001b375000 	/System/Library/Frameworks/JavaVM.framework/Versions/A/Frameworks/JavaNativeFoundation.framework/Versions/A/JavaNativeFoundation
0x000000001b375000 	/System/Library/Frameworks/JavaVM.framework/Versions/A/JavaVM
0x000000001b375000 	/System/Library/Frameworks/Carbon.framework/Versions/A/Carbon
0x000000001b375000 	/System/Library/PrivateFrameworks/JavaLaunching.framework/Versions/A/JavaLaunching
0x000000001b375000 	/System/Library/Frameworks/Carbon.framework/Versions/A/Frameworks/CommonPanels.framework/Versions/A/CommonPanels
0x000000001b375000 	/System/Library/Frameworks/Carbon.framework/Versions/A/Frameworks/Help.framework/Versions/A/Help
0x000000001b375000 	/System/Library/Frameworks/Carbon.framework/Versions/A/Frameworks/ImageCapture.framework/Versions/A/ImageCapture
0x000000001b375000 	/System/Library/Frameworks/Carbon.framework/Versions/A/Frameworks/OpenScripting.framework/Versions/A/OpenScripting
0x000000001b375000 	/System/Library/Frameworks/Carbon.framework/Versions/A/Frameworks/Print.framework/Versions/A/Print
0x000000001b375000 	/System/Library/Frameworks/Carbon.framework/Versions/A/Frameworks/SecurityHI.framework/Versions/A/SecurityHI
0x00000001061e7000 	/Library/Java/JavaVirtualMachines/jdk1.8.0_40.jdk/Contents/Home/jre/lib/libdt_socket.dylib
0x000000010675f000 	/Library/Java/JavaVirtualMachines/jdk1.8.0_40.jdk/Contents/Home/jre/lib/libnet.dylib
0x00000001067e5000 	/Library/Java/JavaVirtualMachines/jdk1.8.0_40.jdk/Contents/Home/jre/lib/libnio.dylib
0x00000001067f5000 	/Library/Java/JavaVirtualMachines/jdk1.8.0_40.jdk/Contents/Home/jre/lib/libmanagement.dylib

VM Arguments:
jvm_args: -agentlib:jdwp=transport=dt_socket,address=127.0.0.1:54598,suspend=y,server=n -javaagent:/Users/LalinPethiyagoda/Library/Caches/IntelliJIdea2017.3/captureAgent/debugger-agent.jar=/private/var/folders/18/ptkymh6x7ts8pwv_36r_rl_h0000gn/T/capture.props -Dfile.encoding=UTF-8 
java_command: com.revolut.verticles.AppServerVerticle
java_class_path (initial): /Library/Java/JavaVirtualMachines/jdk1.8.0_40.jdk/Contents/Home/lib/ant-javafx.jar:/Library/Java/JavaVirtualMachines/jdk1.8.0_40.jdk/Contents/Home/lib/dt.jar:/Library/Java/JavaVirtualMachines/jdk1.8.0_40.jdk/Contents/Home/lib/javafx-mx.jar:/Library/Java/JavaVirtualMachines/jdk1.8.0_40.jdk/Contents/Home/lib/jconsole.jar:/Library/Java/JavaVirtualMachines/jdk1.8.0_40.jdk/Contents/Home/lib/packager.jar:/Library/Java/JavaVirtualMachines/jdk1.8.0_40.jdk/Contents/Home/lib/sa-jdi.jar:/Library/Java/JavaVirtualMachines/jdk1.8.0_40.jdk/Contents/Home/lib/tools.jar:/Library/Java/JavaVirtualMachines/jdk1.8.0_40.jdk/Contents/Home/jre/lib/charsets.jar:/Library/Java/JavaVirtualMachines/jdk1.8.0_40.jdk/Contents/Home/jre/lib/deploy.jar:/Library/Java/JavaVirtualMachines/jdk1.8.0_40.jdk/Contents/Home/jre/lib/javaws.jar:/Library/Java/JavaVirtualMachines/jdk1.8.0_40.jdk/Contents/Home/jre/lib/jce.jar:/Library/Java/JavaVirtualMachines/jdk1.8.0_40.jdk/Contents/Home/jre/lib/jfr.jar:/Library/Java/JavaVirtualMachines/jdk1.8.0_40.jdk/Contents/Home/jre/lib/jfxswt.jar:/Library/Java/JavaVirtualMachines/jdk1.8.0_40.jdk/Contents/Home/jre/lib/jsse.jar:/Library/Java/JavaVirtualMachines/jdk1.8.0_40.jdk/Contents/Home/jre/lib/management-agent.jar:/Library/Java/JavaVirtualMachines/jdk1.8.0_40.jdk/Contents/Home/jre/lib/plugin.jar:/Library/Java/JavaVirtualMachines/jdk1.8.0_40.jdk/Contents/Home/jre/lib/resources.jar:/Library/Java/JavaVirtualMachines/jdk1.8.0_40.jdk/Contents/Home/jre/lib/rt.jar:/Library/Java/JavaVirtualMachines/jdk1.8.0_40.jdk/Contents/Home/jre/lib/ext/cldrdata.jar:/Library/Java/JavaVirtualMachines/jdk1.8.0_40.jdk/Contents/Home/jre/lib/ext/dnsns.jar:/Library/Java/JavaVirtualMachines/jdk1.8.0_40.jdk/Contents/Home/jre/lib/ext/jfxrt.jar:/Library/Java/JavaVirtualMachines/jdk1.8.0_40.jdk/Contents/Home/jre/lib/ext/localedata.jar:/Library/Java/JavaVirtualMachines/jdk1.8.0_40.jdk/Contents/Home/jre/lib/ext/nashorn.jar:/Library/Java/JavaVirtualMachines/jdk1.8.0_40.jdk/Conten
Launcher Type: SUN_STANDARD

Environment Variables:
PATH=/usr/local/bin:/usr/bin:/bin:/usr/sbin:/sbin
SHELL=/bin/zsh

Signal Handlers:
SIGSEGV: [libjvm.dylib+0x58ef95], sa_mask[0]=11111111011111110111111111111111, sa_flags=SA_ONSTACK|SA_RESTART|SA_SIGINFO
SIGBUS: [libjvm.dylib+0x58ef95], sa_mask[0]=11111111011111110111111111111111, sa_flags=SA_RESTART|SA_SIGINFO
SIGFPE: [libjvm.dylib+0x46c118], sa_mask[0]=11111111011111110111111111111111, sa_flags=SA_RESTART|SA_SIGINFO
SIGPIPE: [libjvm.dylib+0x46c118], sa_mask[0]=11111111011111110111111111111111, sa_flags=SA_RESTART|SA_SIGINFO
SIGXFSZ: [libjvm.dylib+0x46c118], sa_mask[0]=11111111011111110111111111111111, sa_flags=SA_RESTART|SA_SIGINFO
SIGILL: [libjvm.dylib+0x46c118], sa_mask[0]=11111111011111110111111111111111, sa_flags=SA_RESTART|SA_SIGINFO
SIGUSR1: SIG_DFL, sa_mask[0]=00000000000000000000000000000000, sa_flags=none
SIGUSR2: [libjvm.dylib+0x46bc36], sa_mask[0]=00100000000000000000000000000000, sa_flags=SA_RESTART|SA_SIGINFO
SIGHUP: [libjvm.dylib+0x46a209], sa_mask[0]=11111111011111110111111111111111, sa_flags=SA_RESTART|SA_SIGINFO
SIGINT: [libjvm.dylib+0x46a209], sa_mask[0]=11111111011111110111111111111111, sa_flags=SA_RESTART|SA_SIGINFO
SIGTERM: [libjvm.dylib+0x46a209], sa_mask[0]=11111111011111110111111111111111, sa_flags=SA_RESTART|SA_SIGINFO
SIGQUIT: [libjvm.dylib+0x46a209], sa_mask[0]=11111111011111110111111111111111, sa_flags=SA_RESTART|SA_SIGINFO


---------------  S Y S T E M  ---------------

OS:Bsduname:Darwin 17.3.0 Darwin Kernel Version 17.3.0: Thu Nov  9 18:09:22 PST 2017; root:xnu-4570.31.3~1/RELEASE_X86_64 x86_64
rlimit: STACK 8192k, CORE 0k, NPROC 709, NOFILE 10240, AS infinity
load average:2.72 3.04 3.01

CPU:total 4 (2 cores per cpu, 2 threads per core) family 6 model 61 stepping 4, cmov, cx8, fxsr, mmx, sse, sse2, sse3, ssse3, sse4.1, sse4.2, popcnt, avx, avx2, aes, clmul, erms, 3dnowpref, lzcnt, ht, tsc, tscinvbit, bmi1, bmi2, adx

Memory: 4k page, physical 8388608k(183104k free)

/proc/meminfo:


vm_info: Java HotSpot(TM) 64-Bit Server VM (25.40-b25) for bsd-amd64 JRE (1.8.0_40-b27), built on Mar 13 2015 04:46:52 by "java_re" with gcc 4.2.1 (Based on Apple Inc. build 5658) (LLVM build 2336.11.00)

time: Wed Sep 26 11:29:30 2018
elapsed time: 3441 seconds (0d 0h 57m 21s)

